

Microchip Technology PIC LITE Macro Assembler V1.36 build -262312587 
                                                                                               Mon Apr 18 20:37:59 2016

Microchip Technology Omniscient Code Generator v1.36 (Free mode) build 201601150325
     1                           	processor	16F883
     2                           	opt	pw 120
     3                           	opt	lm
     4                           	psect	cinit,global,class=CODE,merge=1,delta=2
     5                           	psect	bssBANK0,global,class=BANK0,space=1,delta=1
     6                           	psect	clrtext,global,class=CODE,delta=2
     7                           	psect	cstackCOMMON,global,class=COMMON,space=1,delta=1
     8                           	psect	cstackBANK0,global,class=BANK0,space=1,delta=1
     9                           	psect	maintext,global,class=CODE,split=1,delta=2
    10                           	psect	text1,local,class=CODE,merge=1,delta=2
    11                           	psect	text2,local,class=CODE,merge=1,delta=2
    12                           	psect	text3,local,class=CODE,merge=1,delta=2
    13                           	psect	text4,local,class=CODE,merge=1,delta=2
    14                           	psect	text5,local,class=CODE,merge=1,delta=2
    15                           	psect	text6,local,class=CODE,merge=1,delta=2
    16                           	psect	intentry,global,class=CODE,delta=2
    17                           	psect	text7,local,class=CODE,merge=1,delta=2
    18                           	dabs	1,0x7E,2
    19  0000                     	;# 
    20  0001                     	;# 
    21  0002                     	;# 
    22  0003                     	;# 
    23  0004                     	;# 
    24  0005                     	;# 
    25  0006                     	;# 
    26  0007                     	;# 
    27  0009                     	;# 
    28  000A                     	;# 
    29  000B                     	;# 
    30  000C                     	;# 
    31  000D                     	;# 
    32  000E                     	;# 
    33  000E                     	;# 
    34  000F                     	;# 
    35  0010                     	;# 
    36  0011                     	;# 
    37  0012                     	;# 
    38  0013                     	;# 
    39  0014                     	;# 
    40  0015                     	;# 
    41  0015                     	;# 
    42  0016                     	;# 
    43  0017                     	;# 
    44  0018                     	;# 
    45  0019                     	;# 
    46  001A                     	;# 
    47  001B                     	;# 
    48  001B                     	;# 
    49  001C                     	;# 
    50  001D                     	;# 
    51  001E                     	;# 
    52  001F                     	;# 
    53  0081                     	;# 
    54  0085                     	;# 
    55  0086                     	;# 
    56  0087                     	;# 
    57  0089                     	;# 
    58  008C                     	;# 
    59  008D                     	;# 
    60  008E                     	;# 
    61  008F                     	;# 
    62  0090                     	;# 
    63  0091                     	;# 
    64  0092                     	;# 
    65  0093                     	;# 
    66  0093                     	;# 
    67  0093                     	;# 
    68  0094                     	;# 
    69  0095                     	;# 
    70  0096                     	;# 
    71  0097                     	;# 
    72  0098                     	;# 
    73  0099                     	;# 
    74  009A                     	;# 
    75  009B                     	;# 
    76  009C                     	;# 
    77  009D                     	;# 
    78  009E                     	;# 
    79  009F                     	;# 
    80  0105                     	;# 
    81  0107                     	;# 
    82  0108                     	;# 
    83  0109                     	;# 
    84  010C                     	;# 
    85  010C                     	;# 
    86  010D                     	;# 
    87  010E                     	;# 
    88  010F                     	;# 
    89  0185                     	;# 
    90  0187                     	;# 
    91  0188                     	;# 
    92  0189                     	;# 
    93  018C                     	;# 
    94  018D                     	;# 
    95  0000                     	;# 
    96  0001                     	;# 
    97  0002                     	;# 
    98  0003                     	;# 
    99  0004                     	;# 
   100  0005                     	;# 
   101  0006                     	;# 
   102  0007                     	;# 
   103  0009                     	;# 
   104  000A                     	;# 
   105  000B                     	;# 
   106  000C                     	;# 
   107  000D                     	;# 
   108  000E                     	;# 
   109  000E                     	;# 
   110  000F                     	;# 
   111  0010                     	;# 
   112  0011                     	;# 
   113  0012                     	;# 
   114  0013                     	;# 
   115  0014                     	;# 
   116  0015                     	;# 
   117  0015                     	;# 
   118  0016                     	;# 
   119  0017                     	;# 
   120  0018                     	;# 
   121  0019                     	;# 
   122  001A                     	;# 
   123  001B                     	;# 
   124  001B                     	;# 
   125  001C                     	;# 
   126  001D                     	;# 
   127  001E                     	;# 
   128  001F                     	;# 
   129  0081                     	;# 
   130  0085                     	;# 
   131  0086                     	;# 
   132  0087                     	;# 
   133  0089                     	;# 
   134  008C                     	;# 
   135  008D                     	;# 
   136  008E                     	;# 
   137  008F                     	;# 
   138  0090                     	;# 
   139  0091                     	;# 
   140  0092                     	;# 
   141  0093                     	;# 
   142  0093                     	;# 
   143  0093                     	;# 
   144  0094                     	;# 
   145  0095                     	;# 
   146  0096                     	;# 
   147  0097                     	;# 
   148  0098                     	;# 
   149  0099                     	;# 
   150  009A                     	;# 
   151  009B                     	;# 
   152  009C                     	;# 
   153  009D                     	;# 
   154  009E                     	;# 
   155  009F                     	;# 
   156  0105                     	;# 
   157  0107                     	;# 
   158  0108                     	;# 
   159  0109                     	;# 
   160  010C                     	;# 
   161  010C                     	;# 
   162  010D                     	;# 
   163  010E                     	;# 
   164  010F                     	;# 
   165  0185                     	;# 
   166  0187                     	;# 
   167  0188                     	;# 
   168  0189                     	;# 
   169  018C                     	;# 
   170  018D                     	;# 
   171  000E                     _TMR1	set	14
   172  000B                     _INTCON	set	11
   173  0006                     _PORTB	set	6
   174  0010                     _T1CON	set	16
   175  005F                     _GIE	set	95
   176  0030                     _RB0	set	48
   177  0031                     _RB1	set	49
   178  0032                     _RB2	set	50
   179  0033                     _RB3	set	51
   180  0034                     _RB4	set	52
   181  0035                     _RB5	set	53
   182  0036                     _RB6	set	54
   183  0037                     _RB7	set	55
   184  005B                     _RBIE	set	91
   185  0058                     _RBIF	set	88
   186  0080                     _TMR1ON	set	128
   187  0096                     _IOCB	set	150
   188  008F                     _OSCCON	set	143
   189  0086                     _TRISB	set	134
   190  0189                     _ANSELH	set	393
   191                           
   192                           ; #config settings
   193  0000                     
   194                           	psect	cinit
   195  0013                     start_initialization:	
   196  0013                     __initialization:	
   197                           
   198                           ; Clear objects allocated to BANK0
   199  0013  1383               	bcf	3,7	;select IRP bank0
   200  0014  303B               	movlw	low __pbssBANK0
   201  0015  0084               	movwf	4
   202  0016  304B               	movlw	low (__pbssBANK0+16)
   203  0017  118A  2226         	fcall	clear_ram0
   204  0019                     end_of_initialization:	
   205                           ;End of C runtime variable initialization code
   206                           
   207  0019                     __end_of__initialization:	
   208  0019  0183               	clrf	3
   209  001A  118A  29AB         	ljmp	_main	;jump to C main() function
   210                           
   211                           	psect	bssBANK0
   212  003B                     __pbssBANK0:	
   213  003B                     _distancias:	
   214  003B                     	ds	7
   215  0042                     _t4:	
   216  0042                     	ds	2
   217  0044                     _t5:	
   218  0044                     	ds	2
   219  0046                     _t6:	
   220  0046                     	ds	2
   221  0048                     _t7:	
   222  0048                     	ds	2
   223  004A                     _rbon:	
   224  004A                     	ds	1
   225                           
   226                           	psect	clrtext
   227  0226                     clear_ram0:	
   228                           ;	Called with FSR containing the base address, and
   229                           ;	W with the last address+1
   230                           
   231  0226  0064               	clrwdt	;clear the watchdog before getting into this loop
   232  0227                     clrloop0:	
   233  0227  0180               	clrf	0	;clear RAM location pointed to by FSR
   234  0228  0A84               	incf	4,f	;increment pointer
   235  0229  0604               	xorwf	4,w	;XOR with final address
   236  022A  1903               	btfsc	3,2	;have we reached the end yet?
   237  022B  3400               	retlw	0	;all done for this memory range, return
   238  022C  0604               	xorwf	4,w	;XOR again to restore value
   239  022D  2A27               	goto	clrloop0	;do the next byte
   240                           
   241                           	psect	cstackCOMMON
   242  0070                     __pcstackCOMMON:	
   243  0070                     ?_Inicializaciones:	
   244  0070                     ?_Trigger:	
   245                           ; 1 bytes @ 0x0
   246                           
   247  0070                     ?_ResetEcho:	
   248                           ; 1 bytes @ 0x0
   249                           
   250  0070                     ?_IntPortb:	
   251                           ; 1 bytes @ 0x0
   252                           
   253  0070                     ?_main:	
   254                           ; 1 bytes @ 0x0
   255                           
   256  0070                     ?_Interrupcion:	
   257                           ; 1 bytes @ 0x0
   258                           
   259  0070                     IntPortb@t5:	
   260                           ; 1 bytes @ 0x0
   261                           
   262                           
   263                           ; 1 bytes @ 0x0
   264  0070                     	ds	1
   265  0071                     IntPortb@t6:	
   266                           
   267                           ; 1 bytes @ 0x1
   268  0071                     	ds	1
   269  0072                     IntPortb@t7:	
   270                           
   271                           ; 1 bytes @ 0x2
   272  0072                     	ds	1
   273  0073                     IntPortb@rbon:	
   274                           
   275                           ; 1 bytes @ 0x3
   276  0073                     	ds	1
   277  0074                     ??_IntPortb:	
   278                           
   279                           ; 1 bytes @ 0x4
   280  0074                     	ds	1
   281  0075                     IntPortb@t4:	
   282                           
   283                           ; 1 bytes @ 0x5
   284  0075                     	ds	1
   285  0076                     ??_Interrupcion:	
   286                           
   287                           ; 1 bytes @ 0x6
   288  0076                     	ds	8
   289                           
   290                           	psect	cstackBANK0
   291  0020                     __pcstackBANK0:	
   292  0020                     ??_Inicializaciones:	
   293  0020                     ??_Trigger:	
   294                           ; 1 bytes @ 0x0
   295                           
   296  0020                     ??_ResetEcho:	
   297                           ; 1 bytes @ 0x0
   298                           
   299  0020                     ?___lwdiv:	
   300                           ; 1 bytes @ 0x0
   301                           
   302  0020                     ___lwdiv@divisor:	
   303                           ; 2 bytes @ 0x0
   304                           
   305                           
   306                           ; 2 bytes @ 0x0
   307  0020                     	ds	2
   308  0022                     ___lwdiv@dividend:	
   309                           
   310                           ; 2 bytes @ 0x2
   311  0022                     	ds	2
   312  0024                     ??___lwdiv:	
   313                           
   314                           ; 1 bytes @ 0x4
   315  0024                     	ds	1
   316  0025                     ___lwdiv@quotient:	
   317                           
   318                           ; 2 bytes @ 0x5
   319  0025                     	ds	2
   320  0027                     ___lwdiv@counter:	
   321                           
   322                           ; 1 bytes @ 0x7
   323  0027                     	ds	1
   324  0028                     ?_CalcularDistancia:	
   325  0028                     CalcularDistancia@t0:	
   326                           ; 1 bytes @ 0x8
   327                           
   328                           
   329                           ; 2 bytes @ 0x8
   330  0028                     	ds	2
   331  002A                     CalcularDistancia@t1:	
   332                           
   333                           ; 2 bytes @ 0xA
   334  002A                     	ds	2
   335  002C                     CalcularDistancia@t2:	
   336                           
   337                           ; 2 bytes @ 0xC
   338  002C                     	ds	2
   339  002E                     CalcularDistancia@t3:	
   340                           
   341                           ; 2 bytes @ 0xE
   342  002E                     	ds	2
   343  0030                     CalcularDistancia@distancias:	
   344                           
   345                           ; 1 bytes @ 0x10
   346  0030                     	ds	1
   347  0031                     ??_CalcularDistancia:	
   348                           
   349                           ; 1 bytes @ 0x11
   350  0031                     	ds	1
   351  0032                     CalcularDistancia@d0:	
   352                           
   353                           ; 2 bytes @ 0x12
   354  0032                     	ds	2
   355  0034                     CalcularDistancia@d1:	
   356                           
   357                           ; 2 bytes @ 0x14
   358  0034                     	ds	2
   359  0036                     CalcularDistancia@d2:	
   360                           
   361                           ; 2 bytes @ 0x16
   362  0036                     	ds	2
   363  0038                     CalcularDistancia@d3:	
   364                           
   365                           ; 2 bytes @ 0x18
   366  0038                     	ds	2
   367  003A                     ??_main:	
   368                           
   369                           ; 1 bytes @ 0x1A
   370  003A                     	ds	1
   371                           
   372                           	psect	maintext
   373  01AB                     __pmaintext:	
   374 ;;
   375 ;;Main: autosize = 0, tempsize = 1, incstack = 0, save=0
   376 ;;
   377 ;; *************** function _main *****************
   378 ;; Defined at:
   379 ;;		line 40 in file "main.c"
   380 ;; Parameters:    Size  Location     Type
   381 ;;		None
   382 ;; Auto vars:     Size  Location     Type
   383 ;;		None
   384 ;; Return value:  Size  Location     Type
   385 ;;                  1    wreg      void 
   386 ;; Registers used:
   387 ;;		wreg, fsr0l, fsr0h, status,2, status,0, pclath, cstack
   388 ;; Tracked objects:
   389 ;;		On entry : B00/0
   390 ;;		On exit  : 0/0
   391 ;;		Unchanged: 0/0
   392 ;; Data sizes:     COMMON   BANK0   BANK1   BANK2
   393 ;;      Params:         0       0       0       0
   394 ;;      Locals:         0       0       0       0
   395 ;;      Temps:          0       1       0       0
   396 ;;      Totals:         0       1       0       0
   397 ;;Total ram usage:        1 bytes
   398 ;; Hardware stack levels required when called:    4
   399 ;; This function calls:
   400 ;;		_CalcularDistancia
   401 ;;		_Inicializaciones
   402 ;;		_ResetEcho
   403 ;;		_Trigger
   404 ;; This function is called by:
   405 ;;		Startup code after reset
   406 ;; This function uses a non-reentrant model
   407 ;;
   408                           
   409                           
   410                           ;psect for function _main
   411  01AB                     _main:	
   412                           
   413                           ;main.c: 42: Inicializaciones();
   414                           
   415                           ;incstack = 0
   416                           ; Regs used in _main: [wreg-fsr0h+status,2+status,0+pclath+cstack]
   417  01AB  118A  220C  118A   	fcall	_Inicializaciones
   418  01AE                     l99:	
   419                           ;main.c: 44: while(1)
   420                           
   421                           
   422                           ;main.c: 45: {
   423                           ;main.c: 52: Trigger();
   424  01AE  118A  210C  118A   	fcall	_Trigger
   425                           
   426                           ;main.c: 53: CalcularDistancia(t4, t5, t6, t7, distancias);
   427  01B1  1283               	bcf	3,5	;RP0=0, select bank0
   428  01B2  1303               	bcf	3,6	;RP1=0, select bank0
   429  01B3  0843               	movf	_t4+1,w
   430  01B4  00A9               	movwf	CalcularDistancia@t0+1
   431  01B5  0842               	movf	_t4,w
   432  01B6  00A8               	movwf	CalcularDistancia@t0
   433  01B7  0845               	movf	_t5+1,w
   434  01B8  00AB               	movwf	CalcularDistancia@t1+1
   435  01B9  0844               	movf	_t5,w
   436  01BA  00AA               	movwf	CalcularDistancia@t1
   437  01BB  0847               	movf	_t6+1,w
   438  01BC  00AD               	movwf	CalcularDistancia@t2+1
   439  01BD  0846               	movf	_t6,w
   440  01BE  00AC               	movwf	CalcularDistancia@t2
   441  01BF  0849               	movf	_t7+1,w
   442  01C0  00AF               	movwf	CalcularDistancia@t3+1
   443  01C1  0848               	movf	_t7,w
   444  01C2  00AE               	movwf	CalcularDistancia@t3
   445  01C3  303B               	movlw	(low (_distancias| 0))& (0+255)
   446  01C4  00BA               	movwf	??_main
   447  01C5  083A               	movf	??_main,w
   448  01C6  00B0               	movwf	CalcularDistancia@distancias
   449  01C7  118A  201C  118A   	fcall	_CalcularDistancia
   450                           
   451                           ;main.c: 54: ResetEcho();
   452  01CA  118A  21F1  118A   	fcall	_ResetEcho
   453  01CD  29AE               	goto	l99
   454  01CE                     __end_of_main:	
   455                           ;main.c: 55: }
   456                           ;main.c: 56: return;
   457                           
   458                           
   459                           	psect	text1
   460  010C                     __ptext1:	
   461 ;; *************** function _Trigger *****************
   462 ;; Defined at:
   463 ;;		line 27 in file "Funciones.c"
   464 ;; Parameters:    Size  Location     Type
   465 ;;		None
   466 ;; Auto vars:     Size  Location     Type
   467 ;;		None
   468 ;; Return value:  Size  Location     Type
   469 ;;                  1    wreg      void 
   470 ;; Registers used:
   471 ;;		wreg
   472 ;; Tracked objects:
   473 ;;		On entry : 0/0
   474 ;;		On exit  : 0/0
   475 ;;		Unchanged: 0/0
   476 ;; Data sizes:     COMMON   BANK0   BANK1   BANK2
   477 ;;      Params:         0       0       0       0
   478 ;;      Locals:         0       0       0       0
   479 ;;      Temps:          0       2       0       0
   480 ;;      Totals:         0       2       0       0
   481 ;;Total ram usage:        2 bytes
   482 ;; Hardware stack levels used:    1
   483 ;; Hardware stack levels required when called:    2
   484 ;; This function calls:
   485 ;;		Nothing
   486 ;; This function is called by:
   487 ;;		_main
   488 ;; This function uses a non-reentrant model
   489 ;;
   490                           
   491                           
   492                           ;psect for function _Trigger
   493  010C                     _Trigger:	
   494                           
   495                           ;Funciones.c: 28: TRISB = 0b00010000;
   496                           
   497                           ;incstack = 0
   498                           ; Regs used in _Trigger: [wreg]
   499  010C  3010               	movlw	16
   500  010D  1683               	bsf	3,5	;RP0=1, select bank1
   501  010E  1303               	bcf	3,6	;RP1=0, select bank1
   502  010F  0086               	movwf	6	;volatile
   503                           
   504                           ;Funciones.c: 29: RB0 = 1;
   505  0110  1283               	bcf	3,5	;RP0=0, select bank0
   506  0111  1303               	bcf	3,6	;RP1=0, select bank0
   507  0112  1406               	bsf	6,0	;volatile
   508                           
   509                           ;Funciones.c: 30: _delay((unsigned long)((10)*(8000000/4000000.0)));
   510  0113  3006               	movlw	6
   511  0114  00A0               	movwf	??_Trigger
   512  0115                     u497:	
   513  0115  0BA0               	decfsz	??_Trigger,f
   514  0116  2915               	goto	u497
   515  0117  0000               	nop
   516                           
   517                           ;Funciones.c: 31: RB0 = 0;
   518  0118  1283               	bcf	3,5	;RP0=0, select bank0
   519  0119  1303               	bcf	3,6	;RP1=0, select bank0
   520  011A  1006               	bcf	6,0	;volatile
   521                           
   522                           ;Funciones.c: 33: _delay((unsigned long)((50)*(8000000/4000.0)));
   523  011B  3082               	movlw	130
   524  011C  00A1               	movwf	??_Trigger+1
   525  011D  30DD               	movlw	221
   526  011E  00A0               	movwf	??_Trigger
   527  011F                     u507:	
   528  011F  0BA0               	decfsz	??_Trigger,f
   529  0120  291F               	goto	u507
   530  0121  0BA1               	decfsz	??_Trigger+1,f
   531  0122  291F               	goto	u507
   532  0123  2924               	nop2
   533                           
   534                           ;Funciones.c: 35: TRISB = 0b00100000;
   535  0124  3020               	movlw	32
   536  0125  1683               	bsf	3,5	;RP0=1, select bank1
   537  0126  1303               	bcf	3,6	;RP1=0, select bank1
   538  0127  0086               	movwf	6	;volatile
   539                           
   540                           ;Funciones.c: 36: RB1 = 1;
   541  0128  1283               	bcf	3,5	;RP0=0, select bank0
   542  0129  1303               	bcf	3,6	;RP1=0, select bank0
   543  012A  1486               	bsf	6,1	;volatile
   544                           
   545                           ;Funciones.c: 37: _delay((unsigned long)((10)*(8000000/4000000.0)));
   546  012B  3006               	movlw	6
   547  012C  00A0               	movwf	??_Trigger
   548  012D                     u517:	
   549  012D  0BA0               	decfsz	??_Trigger,f
   550  012E  292D               	goto	u517
   551  012F  0000               	nop
   552                           
   553                           ;Funciones.c: 38: RB1 = 0;
   554  0130  1283               	bcf	3,5	;RP0=0, select bank0
   555  0131  1303               	bcf	3,6	;RP1=0, select bank0
   556  0132  1086               	bcf	6,1	;volatile
   557                           
   558                           ;Funciones.c: 40: _delay((unsigned long)((50)*(8000000/4000.0)));
   559  0133  3082               	movlw	130
   560  0134  00A1               	movwf	??_Trigger+1
   561  0135  30DD               	movlw	221
   562  0136  00A0               	movwf	??_Trigger
   563  0137                     u527:	
   564  0137  0BA0               	decfsz	??_Trigger,f
   565  0138  2937               	goto	u527
   566  0139  0BA1               	decfsz	??_Trigger+1,f
   567  013A  2937               	goto	u527
   568  013B  293C               	nop2
   569                           
   570                           ;Funciones.c: 42: TRISB = 0b01000000;
   571  013C  3040               	movlw	64
   572  013D  1683               	bsf	3,5	;RP0=1, select bank1
   573  013E  1303               	bcf	3,6	;RP1=0, select bank1
   574  013F  0086               	movwf	6	;volatile
   575                           
   576                           ;Funciones.c: 43: RB2 = 1;
   577  0140  1283               	bcf	3,5	;RP0=0, select bank0
   578  0141  1303               	bcf	3,6	;RP1=0, select bank0
   579  0142  1506               	bsf	6,2	;volatile
   580                           
   581                           ;Funciones.c: 44: _delay((unsigned long)((10)*(8000000/4000000.0)));
   582  0143  3006               	movlw	6
   583  0144  00A0               	movwf	??_Trigger
   584  0145                     u537:	
   585  0145  0BA0               	decfsz	??_Trigger,f
   586  0146  2945               	goto	u537
   587  0147  0000               	nop
   588                           
   589                           ;Funciones.c: 45: RB2 = 0;
   590  0148  1283               	bcf	3,5	;RP0=0, select bank0
   591  0149  1303               	bcf	3,6	;RP1=0, select bank0
   592  014A  1106               	bcf	6,2	;volatile
   593                           
   594                           ;Funciones.c: 47: _delay((unsigned long)((50)*(8000000/4000.0)));
   595  014B  3082               	movlw	130
   596  014C  00A1               	movwf	??_Trigger+1
   597  014D  30DD               	movlw	221
   598  014E  00A0               	movwf	??_Trigger
   599  014F                     u547:	
   600  014F  0BA0               	decfsz	??_Trigger,f
   601  0150  294F               	goto	u547
   602  0151  0BA1               	decfsz	??_Trigger+1,f
   603  0152  294F               	goto	u547
   604  0153  2954               	nop2
   605                           
   606                           ;Funciones.c: 49: TRISB = 0b10000000;
   607  0154  3080               	movlw	128
   608  0155  1683               	bsf	3,5	;RP0=1, select bank1
   609  0156  1303               	bcf	3,6	;RP1=0, select bank1
   610  0157  0086               	movwf	6	;volatile
   611                           
   612                           ;Funciones.c: 50: RB3 = 1;
   613  0158  1283               	bcf	3,5	;RP0=0, select bank0
   614  0159  1303               	bcf	3,6	;RP1=0, select bank0
   615  015A  1586               	bsf	6,3	;volatile
   616                           
   617                           ;Funciones.c: 51: _delay((unsigned long)((10)*(8000000/4000000.0)));
   618  015B  3006               	movlw	6
   619  015C  00A0               	movwf	??_Trigger
   620  015D                     u557:	
   621  015D  0BA0               	decfsz	??_Trigger,f
   622  015E  295D               	goto	u557
   623  015F  0000               	nop
   624                           
   625                           ;Funciones.c: 52: RB3= 0;
   626  0160  1283               	bcf	3,5	;RP0=0, select bank0
   627  0161  1303               	bcf	3,6	;RP1=0, select bank0
   628  0162  1186               	bcf	6,3	;volatile
   629                           
   630                           ;Funciones.c: 54: _delay((unsigned long)((50)*(8000000/4000.0)));
   631  0163  3082               	movlw	130
   632  0164  00A1               	movwf	??_Trigger+1
   633  0165  30DD               	movlw	221
   634  0166  00A0               	movwf	??_Trigger
   635  0167                     u567:	
   636  0167  0BA0               	decfsz	??_Trigger,f
   637  0168  2967               	goto	u567
   638  0169  0BA1               	decfsz	??_Trigger+1,f
   639  016A  2967               	goto	u567
   640  016B  296C               	nop2
   641  016C  0008               	return
   642  016D                     __end_of_Trigger:	
   643                           
   644                           	psect	text2
   645  01F1                     __ptext2:	
   646 ;; *************** function _ResetEcho *****************
   647 ;; Defined at:
   648 ;;		line 81 in file "Funciones.c"
   649 ;; Parameters:    Size  Location     Type
   650 ;;		None
   651 ;; Auto vars:     Size  Location     Type
   652 ;;		None
   653 ;; Return value:  Size  Location     Type
   654 ;;                  1    wreg      void 
   655 ;; Registers used:
   656 ;;		wreg, status,2
   657 ;; Tracked objects:
   658 ;;		On entry : 0/0
   659 ;;		On exit  : 0/0
   660 ;;		Unchanged: 0/0
   661 ;; Data sizes:     COMMON   BANK0   BANK1   BANK2
   662 ;;      Params:         0       0       0       0
   663 ;;      Locals:         0       0       0       0
   664 ;;      Temps:          0       2       0       0
   665 ;;      Totals:         0       2       0       0
   666 ;;Total ram usage:        2 bytes
   667 ;; Hardware stack levels used:    1
   668 ;; Hardware stack levels required when called:    2
   669 ;; This function calls:
   670 ;;		Nothing
   671 ;; This function is called by:
   672 ;;		_main
   673 ;; This function uses a non-reentrant model
   674 ;;
   675                           
   676                           
   677                           ;psect for function _ResetEcho
   678  01F1                     _ResetEcho:	
   679                           
   680                           ;Funciones.c: 83: TRISB = 0b00000000;
   681                           
   682                           ;incstack = 0
   683                           ; Regs used in _ResetEcho: [wreg+status,2]
   684  01F1  1683               	bsf	3,5	;RP0=1, select bank1
   685  01F2  1303               	bcf	3,6	;RP1=0, select bank1
   686  01F3  0186               	clrf	6	;volatile
   687                           
   688                           ;Funciones.c: 84: _delay((unsigned long)((5)*(8000000/4000.0)));
   689  01F4  300D               	movlw	13
   690  01F5  1283               	bcf	3,5	;RP0=0, select bank0
   691  01F6  1303               	bcf	3,6	;RP1=0, select bank0
   692  01F7  00A1               	movwf	??_ResetEcho+1
   693  01F8  30FB               	movlw	251
   694  01F9  00A0               	movwf	??_ResetEcho
   695  01FA                     u577:	
   696  01FA  0BA0               	decfsz	??_ResetEcho,f
   697  01FB  29FA               	goto	u577
   698  01FC  0BA1               	decfsz	??_ResetEcho+1,f
   699  01FD  29FA               	goto	u577
   700  01FE  29FF               	nop2
   701                           
   702                           ;Funciones.c: 85: PORTB = 0b00000000;
   703  01FF  1283               	bcf	3,5	;RP0=0, select bank0
   704  0200  1303               	bcf	3,6	;RP1=0, select bank0
   705  0201  0186               	clrf	6	;volatile
   706                           
   707                           ;Funciones.c: 86: _delay((unsigned long)((5)*(8000000/4000.0)));
   708  0202  300D               	movlw	13
   709  0203  00A1               	movwf	??_ResetEcho+1
   710  0204  30FB               	movlw	251
   711  0205  00A0               	movwf	??_ResetEcho
   712  0206                     u587:	
   713  0206  0BA0               	decfsz	??_ResetEcho,f
   714  0207  2A06               	goto	u587
   715  0208  0BA1               	decfsz	??_ResetEcho+1,f
   716  0209  2A06               	goto	u587
   717  020A  2A0B               	nop2
   718  020B  0008               	return
   719  020C                     __end_of_ResetEcho:	
   720                           
   721                           	psect	text3
   722  020C                     __ptext3:	
   723 ;; *************** function _Inicializaciones *****************
   724 ;; Defined at:
   725 ;;		line 6 in file "Funciones.c"
   726 ;; Parameters:    Size  Location     Type
   727 ;;		None
   728 ;; Auto vars:     Size  Location     Type
   729 ;;		None
   730 ;; Return value:  Size  Location     Type
   731 ;;                  1    wreg      void 
   732 ;; Registers used:
   733 ;;		wreg, status,2
   734 ;; Tracked objects:
   735 ;;		On entry : 0/0
   736 ;;		On exit  : 0/0
   737 ;;		Unchanged: 0/0
   738 ;; Data sizes:     COMMON   BANK0   BANK1   BANK2
   739 ;;      Params:         0       0       0       0
   740 ;;      Locals:         0       0       0       0
   741 ;;      Temps:          0       0       0       0
   742 ;;      Totals:         0       0       0       0
   743 ;;Total ram usage:        0 bytes
   744 ;; Hardware stack levels used:    1
   745 ;; Hardware stack levels required when called:    2
   746 ;; This function calls:
   747 ;;		Nothing
   748 ;; This function is called by:
   749 ;;		_main
   750 ;; This function uses a non-reentrant model
   751 ;;
   752                           
   753                           
   754                           ;psect for function _Inicializaciones
   755  020C                     _Inicializaciones:	
   756                           
   757                           ;Funciones.c: 7: OSCCON = 0b01110101;
   758                           
   759                           ;incstack = 0
   760                           ; Regs used in _Inicializaciones: [wreg+status,2]
   761  020C  3075               	movlw	117
   762  020D  1683               	bsf	3,5	;RP0=1, select bank1
   763  020E  1303               	bcf	3,6	;RP1=0, select bank1
   764  020F  008F               	movwf	15	;volatile
   765                           
   766                           ;Funciones.c: 10: TRISB = 0b11110000;
   767  0210  30F0               	movlw	240
   768  0211  0086               	movwf	6	;volatile
   769                           
   770                           ;Funciones.c: 11: PORTB = 0b00000000;
   771  0212  1283               	bcf	3,5	;RP0=0, select bank0
   772  0213  1303               	bcf	3,6	;RP1=0, select bank0
   773  0214  0186               	clrf	6	;volatile
   774                           
   775                           ;Funciones.c: 12: ANSELH = 0b00000000;
   776  0215  1683               	bsf	3,5	;RP0=1, select bank3
   777  0216  1703               	bsf	3,6	;RP1=1, select bank3
   778  0217  0189               	clrf	9	;volatile
   779                           
   780                           ;Funciones.c: 17: TMR1 = 0;
   781  0218  1283               	bcf	3,5	;RP0=0, select bank0
   782  0219  1303               	bcf	3,6	;RP1=0, select bank0
   783  021A  018E               	clrf	14	;volatile
   784  021B  018F               	clrf	15	;volatile
   785                           
   786                           ;Funciones.c: 18: T1CON = 0b00010000;
   787  021C  3010               	movlw	16
   788  021D  0090               	movwf	16	;volatile
   789                           
   790                           ;Funciones.c: 21: INTCON = 0b00001000;
   791  021E  3008               	movlw	8
   792  021F  008B               	movwf	11	;volatile
   793                           
   794                           ;Funciones.c: 22: IOCB = 0b11110000;
   795  0220  30F0               	movlw	240
   796  0221  1683               	bsf	3,5	;RP0=1, select bank1
   797  0222  1303               	bcf	3,6	;RP1=0, select bank1
   798  0223  0096               	movwf	22	;volatile
   799                           
   800                           ;Funciones.c: 23: GIE = 1;
   801  0224  178B               	bsf	11,7	;volatile
   802  0225  0008               	return
   803  0226                     __end_of_Inicializaciones:	
   804                           
   805                           	psect	text4
   806  001C                     __ptext4:	
   807 ;; *************** function _CalcularDistancia *****************
   808 ;; Defined at:
   809 ;;		line 57 in file "Funciones.c"
   810 ;; Parameters:    Size  Location     Type
   811 ;;  t0              2    8[BANK0 ] unsigned int 
   812 ;;  t1              2   10[BANK0 ] unsigned int 
   813 ;;  t2              2   12[BANK0 ] unsigned int 
   814 ;;  t3              2   14[BANK0 ] unsigned int 
   815 ;;  distancias      1   16[BANK0 ] PTR unsigned char 
   816 ;;		 -> distancias(7), 
   817 ;; Auto vars:     Size  Location     Type
   818 ;;  d3              2   24[BANK0 ] unsigned int 
   819 ;;  d2              2   22[BANK0 ] unsigned int 
   820 ;;  d1              2   20[BANK0 ] unsigned int 
   821 ;;  d0              2   18[BANK0 ] unsigned int 
   822 ;; Return value:  Size  Location     Type
   823 ;;                  1    wreg      void 
   824 ;; Registers used:
   825 ;;		wreg, fsr0l, fsr0h, status,2, status,0, pclath, cstack
   826 ;; Tracked objects:
   827 ;;		On entry : 0/0
   828 ;;		On exit  : 0/0
   829 ;;		Unchanged: 0/0
   830 ;; Data sizes:     COMMON   BANK0   BANK1   BANK2
   831 ;;      Params:         0       9       0       0
   832 ;;      Locals:         0       8       0       0
   833 ;;      Temps:          0       1       0       0
   834 ;;      Totals:         0      18       0       0
   835 ;;Total ram usage:       18 bytes
   836 ;; Hardware stack levels used:    1
   837 ;; Hardware stack levels required when called:    3
   838 ;; This function calls:
   839 ;;		___lwdiv
   840 ;; This function is called by:
   841 ;;		_main
   842 ;; This function uses a non-reentrant model
   843 ;;
   844                           
   845                           
   846                           ;psect for function _CalcularDistancia
   847  001C                     _CalcularDistancia:	
   848                           
   849                           ;Funciones.c: 59: unsigned int d0,d1,d2,d3;
   850                           ;Funciones.c: 61: d0 = ( t0 ) / 58;
   851                           
   852                           ;incstack = 0
   853                           ; Regs used in _CalcularDistancia: [wreg-fsr0h+status,2+status,0+pclath+cstack]
   854  001C  303A               	movlw	58
   855  001D  1283               	bcf	3,5	;RP0=0, select bank0
   856  001E  1303               	bcf	3,6	;RP1=0, select bank0
   857  001F  00A0               	movwf	___lwdiv@divisor
   858  0020  3000               	movlw	0
   859  0021  00A1               	movwf	___lwdiv@divisor+1
   860  0022  0829               	movf	CalcularDistancia@t0+1,w
   861  0023  00A3               	movwf	___lwdiv@dividend+1
   862  0024  0828               	movf	CalcularDistancia@t0,w
   863  0025  00A2               	movwf	___lwdiv@dividend
   864  0026  118A  216D  118A   	fcall	___lwdiv
   865  0029  1283               	bcf	3,5	;RP0=0, select bank0
   866  002A  1303               	bcf	3,6	;RP1=0, select bank0
   867  002B  0821               	movf	?___lwdiv+1,w
   868  002C  00B3               	movwf	CalcularDistancia@d0+1
   869  002D  0820               	movf	?___lwdiv,w
   870  002E  00B2               	movwf	CalcularDistancia@d0
   871                           
   872                           ;Funciones.c: 62: d1 = ( t1 ) / 58;
   873  002F  303A               	movlw	58
   874  0030  00A0               	movwf	___lwdiv@divisor
   875  0031  3000               	movlw	0
   876  0032  00A1               	movwf	___lwdiv@divisor+1
   877  0033  082B               	movf	CalcularDistancia@t1+1,w
   878  0034  00A3               	movwf	___lwdiv@dividend+1
   879  0035  082A               	movf	CalcularDistancia@t1,w
   880  0036  00A2               	movwf	___lwdiv@dividend
   881  0037  118A  216D  118A   	fcall	___lwdiv
   882  003A  1283               	bcf	3,5	;RP0=0, select bank0
   883  003B  1303               	bcf	3,6	;RP1=0, select bank0
   884  003C  0821               	movf	?___lwdiv+1,w
   885  003D  00B5               	movwf	CalcularDistancia@d1+1
   886  003E  0820               	movf	?___lwdiv,w
   887  003F  00B4               	movwf	CalcularDistancia@d1
   888                           
   889                           ;Funciones.c: 63: d2 = ( t2 ) / 58;
   890  0040  303A               	movlw	58
   891  0041  00A0               	movwf	___lwdiv@divisor
   892  0042  3000               	movlw	0
   893  0043  00A1               	movwf	___lwdiv@divisor+1
   894  0044  082D               	movf	CalcularDistancia@t2+1,w
   895  0045  00A3               	movwf	___lwdiv@dividend+1
   896  0046  082C               	movf	CalcularDistancia@t2,w
   897  0047  00A2               	movwf	___lwdiv@dividend
   898  0048  118A  216D  118A   	fcall	___lwdiv
   899  004B  1283               	bcf	3,5	;RP0=0, select bank0
   900  004C  1303               	bcf	3,6	;RP1=0, select bank0
   901  004D  0821               	movf	?___lwdiv+1,w
   902  004E  00B7               	movwf	CalcularDistancia@d2+1
   903  004F  0820               	movf	?___lwdiv,w
   904  0050  00B6               	movwf	CalcularDistancia@d2
   905                           
   906                           ;Funciones.c: 64: d3 = ( t3 ) / 58;
   907  0051  303A               	movlw	58
   908  0052  00A0               	movwf	___lwdiv@divisor
   909  0053  3000               	movlw	0
   910  0054  00A1               	movwf	___lwdiv@divisor+1
   911  0055  082F               	movf	CalcularDistancia@t3+1,w
   912  0056  00A3               	movwf	___lwdiv@dividend+1
   913  0057  082E               	movf	CalcularDistancia@t3,w
   914  0058  00A2               	movwf	___lwdiv@dividend
   915  0059  118A  216D  118A   	fcall	___lwdiv
   916  005C  1283               	bcf	3,5	;RP0=0, select bank0
   917  005D  1303               	bcf	3,6	;RP1=0, select bank0
   918  005E  0821               	movf	?___lwdiv+1,w
   919  005F  00B9               	movwf	CalcularDistancia@d3+1
   920  0060  0820               	movf	?___lwdiv,w
   921  0061  00B8               	movwf	CalcularDistancia@d3
   922                           
   923                           ;Funciones.c: 71: distancias[0] = (d0 >> 8) & 0xFF;
   924  0062  0833               	movf	CalcularDistancia@d0+1,w
   925  0063  00B1               	movwf	??_CalcularDistancia
   926  0064  0830               	movf	CalcularDistancia@distancias,w
   927  0065  0084               	movwf	4
   928  0066  0831               	movf	??_CalcularDistancia,w
   929  0067  1383               	bcf	3,7	;select IRP bank0
   930  0068  0080               	movwf	0
   931                           
   932                           ;Funciones.c: 72: distancias[1] = d0 & 0xFF;
   933  0069  0832               	movf	CalcularDistancia@d0,w
   934  006A  00B1               	movwf	??_CalcularDistancia
   935  006B  0A30               	incf	CalcularDistancia@distancias,w
   936  006C  0084               	movwf	4
   937  006D  0831               	movf	??_CalcularDistancia,w
   938  006E  0080               	movwf	0
   939                           
   940                           ;Funciones.c: 73: distancias[2] = (d1 >> 8) & 0xFF;
   941  006F  0835               	movf	CalcularDistancia@d1+1,w
   942  0070  00B1               	movwf	??_CalcularDistancia
   943  0071  0830               	movf	CalcularDistancia@distancias,w
   944  0072  3E02               	addlw	2
   945  0073  0084               	movwf	4
   946  0074  0831               	movf	??_CalcularDistancia,w
   947  0075  0080               	movwf	0
   948                           
   949                           ;Funciones.c: 74: distancias[3] = d1 & 0xFF;
   950  0076  0834               	movf	CalcularDistancia@d1,w
   951  0077  00B1               	movwf	??_CalcularDistancia
   952  0078  0830               	movf	CalcularDistancia@distancias,w
   953  0079  3E03               	addlw	3
   954  007A  0084               	movwf	4
   955  007B  0831               	movf	??_CalcularDistancia,w
   956  007C  0080               	movwf	0
   957                           
   958                           ;Funciones.c: 75: distancias[4] = (d2 >> 8) & 0xFF;
   959  007D  0837               	movf	CalcularDistancia@d2+1,w
   960  007E  00B1               	movwf	??_CalcularDistancia
   961  007F  0830               	movf	CalcularDistancia@distancias,w
   962  0080  3E04               	addlw	4
   963  0081  0084               	movwf	4
   964  0082  0831               	movf	??_CalcularDistancia,w
   965  0083  0080               	movwf	0
   966                           
   967                           ;Funciones.c: 76: distancias[5] = d2 & 0xFF;
   968  0084  0836               	movf	CalcularDistancia@d2,w
   969  0085  00B1               	movwf	??_CalcularDistancia
   970  0086  0830               	movf	CalcularDistancia@distancias,w
   971  0087  3E05               	addlw	5
   972  0088  0084               	movwf	4
   973  0089  0831               	movf	??_CalcularDistancia,w
   974  008A  0080               	movwf	0
   975                           
   976                           ;Funciones.c: 77: distancias[6] = (d3 >> 8) & 0xFF;
   977  008B  0839               	movf	CalcularDistancia@d3+1,w
   978  008C  00B1               	movwf	??_CalcularDistancia
   979  008D  0830               	movf	CalcularDistancia@distancias,w
   980  008E  3E06               	addlw	6
   981  008F  0084               	movwf	4
   982  0090  0831               	movf	??_CalcularDistancia,w
   983  0091  0080               	movwf	0
   984                           
   985                           ;Funciones.c: 78: distancias[7] = d3 & 0xFF;
   986  0092  0838               	movf	CalcularDistancia@d3,w
   987  0093  00B1               	movwf	??_CalcularDistancia
   988  0094  0830               	movf	CalcularDistancia@distancias,w
   989  0095  3E07               	addlw	7
   990  0096  0084               	movwf	4
   991  0097  0831               	movf	??_CalcularDistancia,w
   992  0098  0080               	movwf	0
   993  0099  0008               	return
   994  009A                     __end_of_CalcularDistancia:	
   995                           
   996                           	psect	text5
   997  016D                     __ptext5:	
   998 ;; *************** function ___lwdiv *****************
   999 ;; Defined at:
  1000 ;;		line 6 in file "C:\Program Files (x86)\Microchip\xc8\v1.36\sources\common\lwdiv.c"
  1001 ;; Parameters:    Size  Location     Type
  1002 ;;  divisor         2    0[BANK0 ] unsigned int 
  1003 ;;  dividend        2    2[BANK0 ] unsigned int 
  1004 ;; Auto vars:     Size  Location     Type
  1005 ;;  quotient        2    5[BANK0 ] unsigned int 
  1006 ;;  counter         1    7[BANK0 ] unsigned char 
  1007 ;; Return value:  Size  Location     Type
  1008 ;;                  2    0[BANK0 ] unsigned int 
  1009 ;; Registers used:
  1010 ;;		wreg, status,2, status,0
  1011 ;; Tracked objects:
  1012 ;;		On entry : 0/0
  1013 ;;		On exit  : 0/0
  1014 ;;		Unchanged: 0/0
  1015 ;; Data sizes:     COMMON   BANK0   BANK1   BANK2
  1016 ;;      Params:         0       4       0       0
  1017 ;;      Locals:         0       3       0       0
  1018 ;;      Temps:          0       1       0       0
  1019 ;;      Totals:         0       8       0       0
  1020 ;;Total ram usage:        8 bytes
  1021 ;; Hardware stack levels used:    1
  1022 ;; Hardware stack levels required when called:    2
  1023 ;; This function calls:
  1024 ;;		Nothing
  1025 ;; This function is called by:
  1026 ;;		_CalcularDistancia
  1027 ;; This function uses a non-reentrant model
  1028 ;;
  1029                           
  1030                           
  1031                           ;psect for function ___lwdiv
  1032  016D                     ___lwdiv:	
  1033                           
  1034                           ;incstack = 0
  1035                           ; Regs used in ___lwdiv: [wreg+status,2+status,0]
  1036  016D  1283               	bcf	3,5	;RP0=0, select bank0
  1037  016E  1303               	bcf	3,6	;RP1=0, select bank0
  1038  016F  01A5               	clrf	___lwdiv@quotient
  1039  0170  01A6               	clrf	___lwdiv@quotient+1
  1040  0171  0820               	movf	___lwdiv@divisor,w
  1041  0172  0421               	iorwf	___lwdiv@divisor+1,w
  1042  0173  1903               	btfsc	3,2
  1043  0174  29A6               	goto	l752
  1044  0175  01A7               	clrf	___lwdiv@counter
  1045  0176  0AA7               	incf	___lwdiv@counter,f
  1046  0177                     l740:	
  1047  0177  1BA1               	btfsc	___lwdiv@divisor+1,7
  1048  0178  2985               	goto	l742
  1049  0179  3001               	movlw	1
  1050  017A                     u265:	
  1051  017A  1003               	clrc
  1052  017B  0DA0               	rlf	___lwdiv@divisor,f
  1053  017C  0DA1               	rlf	___lwdiv@divisor+1,f
  1054  017D  3EFF               	addlw	-1
  1055  017E  1D03               	skipz
  1056  017F  297A               	goto	u265
  1057  0180  3001               	movlw	1
  1058  0181  00A4               	movwf	??___lwdiv
  1059  0182  0824               	movf	??___lwdiv,w
  1060  0183  07A7               	addwf	___lwdiv@counter,f
  1061  0184  2977               	goto	l740
  1062  0185                     l742:	
  1063  0185  3001               	movlw	1
  1064  0186                     u285:	
  1065  0186  1003               	clrc
  1066  0187  0DA5               	rlf	___lwdiv@quotient,f
  1067  0188  0DA6               	rlf	___lwdiv@quotient+1,f
  1068  0189  3EFF               	addlw	-1
  1069  018A  1D03               	skipz
  1070  018B  2986               	goto	u285
  1071  018C  0821               	movf	___lwdiv@divisor+1,w
  1072  018D  0223               	subwf	___lwdiv@dividend+1,w
  1073  018E  1D03               	skipz
  1074  018F  2992               	goto	u295
  1075  0190  0820               	movf	___lwdiv@divisor,w
  1076  0191  0222               	subwf	___lwdiv@dividend,w
  1077  0192                     u295:	
  1078  0192  1C03               	skipc
  1079  0193  299B               	goto	l748
  1080  0194  0820               	movf	___lwdiv@divisor,w
  1081  0195  02A2               	subwf	___lwdiv@dividend,f
  1082  0196  0821               	movf	___lwdiv@divisor+1,w
  1083  0197  1C03               	skipc
  1084  0198  03A3               	decf	___lwdiv@dividend+1,f
  1085  0199  02A3               	subwf	___lwdiv@dividend+1,f
  1086  019A  1425               	bsf	___lwdiv@quotient,0
  1087  019B                     l748:	
  1088  019B  3001               	movlw	1
  1089  019C                     u305:	
  1090  019C  1003               	clrc
  1091  019D  0CA1               	rrf	___lwdiv@divisor+1,f
  1092  019E  0CA0               	rrf	___lwdiv@divisor,f
  1093  019F  3EFF               	addlw	-1
  1094  01A0  1D03               	skipz
  1095  01A1  299C               	goto	u305
  1096  01A2  3001               	movlw	1
  1097  01A3  02A7               	subwf	___lwdiv@counter,f
  1098  01A4  1D03               	btfss	3,2
  1099  01A5  2985               	goto	l742
  1100  01A6                     l752:	
  1101  01A6  0826               	movf	___lwdiv@quotient+1,w
  1102  01A7  00A1               	movwf	?___lwdiv+1
  1103  01A8  0825               	movf	___lwdiv@quotient,w
  1104  01A9  00A0               	movwf	?___lwdiv
  1105  01AA  0008               	return
  1106  01AB                     __end_of___lwdiv:	
  1107                           
  1108                           	psect	text6
  1109  01CE                     __ptext6:	
  1110 ;; *************** function _Interrupcion *****************
  1111 ;; Defined at:
  1112 ;;		line 60 in file "main.c"
  1113 ;; Parameters:    Size  Location     Type
  1114 ;;		None
  1115 ;; Auto vars:     Size  Location     Type
  1116 ;;		None
  1117 ;; Return value:  Size  Location     Type
  1118 ;;                  1    wreg      void 
  1119 ;; Registers used:
  1120 ;;		wreg, fsr0l, fsr0h, status,2, status,0, pclath, cstack
  1121 ;; Tracked objects:
  1122 ;;		On entry : 0/0
  1123 ;;		On exit  : 0/0
  1124 ;;		Unchanged: 0/0
  1125 ;; Data sizes:     COMMON   BANK0   BANK1   BANK2
  1126 ;;      Params:         0       0       0       0
  1127 ;;      Locals:         0       0       0       0
  1128 ;;      Temps:          8       0       0       0
  1129 ;;      Totals:         8       0       0       0
  1130 ;;Total ram usage:        8 bytes
  1131 ;; Hardware stack levels used:    1
  1132 ;; Hardware stack levels required when called:    1
  1133 ;; This function calls:
  1134 ;;		_IntPortb
  1135 ;; This function is called by:
  1136 ;;		Interrupt level 1
  1137 ;; This function uses a non-reentrant model
  1138 ;;
  1139                           
  1140                           
  1141                           ;psect for function _Interrupcion
  1142  01CE                     _Interrupcion:	
  1143                           
  1144                           ;main.c: 62: if(RBIF == 1)
  1145  01CE  1C0B               	btfss	11,0	;volatile
  1146  01CF  29E4               	goto	i1l106
  1147                           
  1148                           ;main.c: 63: {
  1149                           ;main.c: 64: IntPortb(&t4, &t5, &t6, &t7, &rbon);
  1150  01D0  3044               	movlw	(low (_t5| 0))& (0+255)
  1151  01D1  00F6               	movwf	??_Interrupcion
  1152  01D2  0876               	movf	??_Interrupcion,w
  1153  01D3  00F0               	movwf	IntPortb@t5
  1154  01D4  3046               	movlw	(low (_t6| 0))& (0+255)
  1155  01D5  00F7               	movwf	??_Interrupcion+1
  1156  01D6  0877               	movf	??_Interrupcion+1,w
  1157  01D7  00F1               	movwf	IntPortb@t6
  1158  01D8  3048               	movlw	(low (_t7| 0))& (0+255)
  1159  01D9  00F8               	movwf	??_Interrupcion+2
  1160  01DA  0878               	movf	??_Interrupcion+2,w
  1161  01DB  00F2               	movwf	IntPortb@t7
  1162  01DC  304A               	movlw	(low (_rbon| 0))& (0+255)
  1163  01DD  00F9               	movwf	??_Interrupcion+3
  1164  01DE  0879               	movf	??_Interrupcion+3,w
  1165  01DF  00F3               	movwf	IntPortb@rbon
  1166  01E0  3042               	movlw	(low (_t4| 0))& (0+255)
  1167  01E1  118A  209A  118A   	fcall	_IntPortb
  1168  01E4                     i1l106:	
  1169  01E4  087D               	movf	??_Interrupcion+7,w
  1170  01E5  1283               	bcf	3,5	;RP0=0, select bank0
  1171  01E6  1303               	bcf	3,6	;RP1=0, select bank0
  1172  01E7  00FF               	movwf	127
  1173  01E8  087C               	movf	??_Interrupcion+6,w
  1174  01E9  008A               	movwf	10
  1175  01EA  087B               	movf	??_Interrupcion+5,w
  1176  01EB  0084               	movwf	4
  1177  01EC  0E7A               	swapf	(??_Interrupcion+4)^(0+-128),w
  1178  01ED  0083               	movwf	3
  1179  01EE  0EFE               	swapf	126,f
  1180  01EF  0E7E               	swapf	126,w
  1181  01F0  0009               	retfie
  1182  01F1                     __end_of_Interrupcion:	
  1183                           
  1184                           	psect	intentry
  1185  0004                     __pintentry:	
  1186                           ;incstack = 0
  1187                           ; Regs used in _Interrupcion: [wreg-fsr0h+status,2+status,0+pclath+cstack]
  1188                           
  1189  0004                     interrupt_function:	
  1190  007E                     saved_w	set	btemp
  1191  0004  00FE               	movwf	btemp
  1192  0005  0E03               	swapf	3,w
  1193  0006  00FA               	movwf	??_Interrupcion+4
  1194  0007  0804               	movf	4,w
  1195  0008  00FB               	movwf	??_Interrupcion+5
  1196  0009  080A               	movf	10,w
  1197  000A  00FC               	movwf	??_Interrupcion+6
  1198  000B  1283               	bcf	3,5	;RP0=0, select bank0
  1199  000C  1303               	bcf	3,6	;RP1=0, select bank0
  1200  000D  087F               	movf	btemp+1,w
  1201  000E  00FD               	movwf	??_Interrupcion+7
  1202  000F  118A  29CE         	ljmp	_Interrupcion
  1203                           
  1204                           	psect	text7
  1205  009A                     __ptext7:	
  1206 ;; *************** function _IntPortb *****************
  1207 ;; Defined at:
  1208 ;;		line 89 in file "Funciones.c"
  1209 ;; Parameters:    Size  Location     Type
  1210 ;;  t4              1    wreg     PTR unsigned int 
  1211 ;;		 -> t4(2), 
  1212 ;;  t5              1    0[COMMON] PTR unsigned int 
  1213 ;;		 -> t5(2), 
  1214 ;;  t6              1    1[COMMON] PTR unsigned int 
  1215 ;;		 -> t6(2), 
  1216 ;;  t7              1    2[COMMON] PTR unsigned int 
  1217 ;;		 -> t7(2), 
  1218 ;;  rbon            1    3[COMMON] PTR unsigned char 
  1219 ;;		 -> rbon(1), 
  1220 ;; Auto vars:     Size  Location     Type
  1221 ;;  t4              1    5[COMMON] PTR unsigned int 
  1222 ;;		 -> t4(2), 
  1223 ;; Return value:  Size  Location     Type
  1224 ;;                  1    wreg      void 
  1225 ;; Registers used:
  1226 ;;		wreg, fsr0l, fsr0h, status,2, status,0
  1227 ;; Tracked objects:
  1228 ;;		On entry : 0/0
  1229 ;;		On exit  : 0/0
  1230 ;;		Unchanged: 0/0
  1231 ;; Data sizes:     COMMON   BANK0   BANK1   BANK2
  1232 ;;      Params:         4       0       0       0
  1233 ;;      Locals:         1       0       0       0
  1234 ;;      Temps:          1       0       0       0
  1235 ;;      Totals:         6       0       0       0
  1236 ;;Total ram usage:        6 bytes
  1237 ;; Hardware stack levels used:    1
  1238 ;; This function calls:
  1239 ;;		Nothing
  1240 ;; This function is called by:
  1241 ;;		_Interrupcion
  1242 ;; This function uses a non-reentrant model
  1243 ;;
  1244                           
  1245                           
  1246                           ;psect for function _IntPortb
  1247  009A                     _IntPortb:	
  1248                           
  1249                           ;incstack = 0
  1250                           ; Regs used in _IntPortb: [wreg-fsr0h+status,2+status,0]
  1251                           ;IntPortb@t4 stored from wreg
  1252  009A  00F5               	movwf	IntPortb@t4
  1253                           
  1254                           ;Funciones.c: 90: RBIE = 0;
  1255  009B  118B               	bcf	11,3	;volatile
  1256                           
  1257                           ;Funciones.c: 96: if ( (RB4 == 1) && (*rbon == 0) )
  1258  009C  1283               	bcf	3,5	;RP0=0, select bank0
  1259  009D  1303               	bcf	3,6	;RP1=0, select bank0
  1260  009E  1E06               	btfss	6,4	;volatile
  1261  009F  28AA               	goto	i1l57
  1262  00A0  0873               	movf	IntPortb@rbon,w
  1263  00A1  0084               	movwf	4
  1264  00A2  1383               	bcf	3,7	;select IRP bank0
  1265  00A3  0800               	movf	0,w
  1266  00A4  1D03               	btfss	3,2
  1267  00A5  28AA               	goto	i1l57
  1268                           
  1269                           ;Funciones.c: 97: {
  1270                           ;Funciones.c: 98: TMR1 = 0;
  1271  00A6  018E               	clrf	14	;volatile
  1272  00A7  018F               	clrf	15	;volatile
  1273                           
  1274                           ;Funciones.c: 99: *rbon = 4;
  1275  00A8  3004               	movlw	4
  1276  00A9  28EE               	goto	L1
  1277  00AA                     i1l57:	
  1278                           ;Funciones.c: 101: }
  1279                           
  1280                           ;Funciones.c: 100: TMR1ON = 1;
  1281                           
  1282                           
  1283                           ;Funciones.c: 103: else if( (RB4 == 0) && (*rbon == 4) )
  1284  00AA  1A06               	btfsc	6,4	;volatile
  1285  00AB  28B5               	goto	i1l59
  1286  00AC  0873               	movf	IntPortb@rbon,w
  1287  00AD  0084               	movwf	4
  1288  00AE  3004               	movlw	4
  1289  00AF  1383               	bcf	3,7	;select IRP bank0
  1290  00B0  0600               	xorwf	0,w
  1291  00B1  1D03               	btfss	3,2
  1292  00B2  28B5               	goto	i1l59
  1293                           
  1294                           ;Funciones.c: 104: {
  1295                           ;Funciones.c: 105: *t4 = TMR1;
  1296  00B3  0875               	movf	IntPortb@t4,w
  1297  00B4  28FF               	goto	L2
  1298  00B5                     i1l59:	
  1299                           ;Funciones.c: 108: }
  1300                           
  1301                           ;Funciones.c: 107: TMR1ON = 0;
  1302                           
  1303                           ;Funciones.c: 106: *rbon = 0;
  1304                           
  1305                           
  1306                           ;Funciones.c: 110: else if ( (RB5 == 1) && (*rbon == 0) )
  1307  00B5  1E86               	btfss	6,5	;volatile
  1308  00B6  28C1               	goto	i1l61
  1309  00B7  0873               	movf	IntPortb@rbon,w
  1310  00B8  0084               	movwf	4
  1311  00B9  1383               	bcf	3,7	;select IRP bank0
  1312  00BA  0800               	movf	0,w
  1313  00BB  1D03               	btfss	3,2
  1314  00BC  28C1               	goto	i1l61
  1315                           
  1316                           ;Funciones.c: 111: {
  1317                           ;Funciones.c: 112: TMR1 = 0;
  1318  00BD  018E               	clrf	14	;volatile
  1319  00BE  018F               	clrf	15	;volatile
  1320                           
  1321                           ;Funciones.c: 113: *rbon = 5;
  1322  00BF  3005               	movlw	5
  1323  00C0  28EE               	goto	L1
  1324  00C1                     i1l61:	
  1325                           ;Funciones.c: 115: }
  1326                           
  1327                           ;Funciones.c: 114: TMR1ON = 1;
  1328                           
  1329                           
  1330                           ;Funciones.c: 117: else if( (RB5 == 0) && (*rbon == 5) )
  1331  00C1  1A86               	btfsc	6,5	;volatile
  1332  00C2  28CC               	goto	i1l63
  1333  00C3  0873               	movf	IntPortb@rbon,w
  1334  00C4  0084               	movwf	4
  1335  00C5  3005               	movlw	5
  1336  00C6  1383               	bcf	3,7	;select IRP bank0
  1337  00C7  0600               	xorwf	0,w
  1338  00C8  1D03               	btfss	3,2
  1339  00C9  28CC               	goto	i1l63
  1340                           
  1341                           ;Funciones.c: 118: {
  1342                           ;Funciones.c: 119: *t5 = TMR1;
  1343  00CA  0870               	movf	IntPortb@t5,w
  1344  00CB  28FF               	goto	L2
  1345  00CC                     i1l63:	
  1346                           ;Funciones.c: 122: }
  1347                           
  1348                           ;Funciones.c: 121: TMR1ON = 0;
  1349                           
  1350                           ;Funciones.c: 120: *rbon = 0;
  1351                           
  1352                           
  1353                           ;Funciones.c: 124: else if ( (RB6 == 1) && (*rbon == 0) )
  1354  00CC  1F06               	btfss	6,6	;volatile
  1355  00CD  28D8               	goto	i1l65
  1356  00CE  0873               	movf	IntPortb@rbon,w
  1357  00CF  0084               	movwf	4
  1358  00D0  1383               	bcf	3,7	;select IRP bank0
  1359  00D1  0800               	movf	0,w
  1360  00D2  1D03               	btfss	3,2
  1361  00D3  28D8               	goto	i1l65
  1362                           
  1363                           ;Funciones.c: 125: {
  1364                           ;Funciones.c: 126: TMR1 = 0;
  1365  00D4  018E               	clrf	14	;volatile
  1366  00D5  018F               	clrf	15	;volatile
  1367                           
  1368                           ;Funciones.c: 127: *rbon = 6;
  1369  00D6  3006               	movlw	6
  1370  00D7  28EE               	goto	L1
  1371  00D8                     i1l65:	
  1372                           ;Funciones.c: 129: }
  1373                           
  1374                           ;Funciones.c: 128: TMR1ON = 1;
  1375                           
  1376                           
  1377                           ;Funciones.c: 131: else if( (RB6 == 0) && (*rbon == 6) )
  1378  00D8  1B06               	btfsc	6,6	;volatile
  1379  00D9  28E3               	goto	i1l67
  1380  00DA  0873               	movf	IntPortb@rbon,w
  1381  00DB  0084               	movwf	4
  1382  00DC  3006               	movlw	6
  1383  00DD  1383               	bcf	3,7	;select IRP bank0
  1384  00DE  0600               	xorwf	0,w
  1385  00DF  1D03               	btfss	3,2
  1386  00E0  28E3               	goto	i1l67
  1387                           
  1388                           ;Funciones.c: 132: {
  1389                           ;Funciones.c: 133: *t6 = TMR1;
  1390  00E1  0871               	movf	IntPortb@t6,w
  1391  00E2  28FF               	goto	L2
  1392  00E3                     i1l67:	
  1393                           ;Funciones.c: 136: }
  1394                           
  1395                           ;Funciones.c: 135: TMR1ON = 0;
  1396                           
  1397                           ;Funciones.c: 134: *rbon = 0;
  1398                           
  1399                           
  1400                           ;Funciones.c: 138: else if ( (RB7 == 1) && (*rbon == 0) )
  1401  00E3  1F86               	btfss	6,7	;volatile
  1402  00E4  28F5               	goto	i1l69
  1403  00E5  0873               	movf	IntPortb@rbon,w
  1404  00E6  0084               	movwf	4
  1405  00E7  1383               	bcf	3,7	;select IRP bank0
  1406  00E8  0800               	movf	0,w
  1407  00E9  1D03               	btfss	3,2
  1408  00EA  28F5               	goto	i1l69
  1409                           
  1410                           ;Funciones.c: 139: {
  1411                           ;Funciones.c: 140: TMR1 = 0;
  1412  00EB  018E               	clrf	14	;volatile
  1413  00EC  018F               	clrf	15	;volatile
  1414                           
  1415                           ;Funciones.c: 141: *rbon = 7;
  1416  00ED  3007               	movlw	7
  1417  00EE                     L1:	
  1418  00EE  00F4               	movwf	??_IntPortb
  1419  00EF  0873               	movf	IntPortb@rbon,w
  1420  00F0  0084               	movwf	4
  1421  00F1  0874               	movf	??_IntPortb,w
  1422  00F2  0080               	movwf	0
  1423                           
  1424                           ;Funciones.c: 142: TMR1ON = 1;
  1425  00F3  1410               	bsf	16,0	;volatile
  1426                           
  1427                           ;Funciones.c: 143: }
  1428  00F4  2909               	goto	i1l880
  1429  00F5                     i1l69:	
  1430                           
  1431                           ;Funciones.c: 145: else if( (RB7 == 0) && (*rbon == 7) )
  1432  00F5  1B86               	btfsc	6,7	;volatile
  1433  00F6  2909               	goto	i1l880
  1434  00F7  0873               	movf	IntPortb@rbon,w
  1435  00F8  0084               	movwf	4
  1436  00F9  3007               	movlw	7
  1437  00FA  1383               	bcf	3,7	;select IRP bank0
  1438  00FB  0600               	xorwf	0,w
  1439  00FC  1D03               	btfss	3,2
  1440  00FD  2909               	goto	i1l880
  1441                           
  1442                           ;Funciones.c: 146: {
  1443                           ;Funciones.c: 147: *t7 = TMR1;
  1444  00FE  0872               	movf	IntPortb@t7,w
  1445  00FF                     L2:	
  1446  00FF  0084               	movwf	4
  1447  0100  080E               	movf	14,w	;volatile
  1448  0101  0080               	movwf	0
  1449  0102  0A84               	incf	4,f
  1450  0103  080F               	movf	15,w	;volatile
  1451  0104  0080               	movwf	0
  1452                           
  1453                           ;Funciones.c: 148: *rbon = 0;
  1454  0105  0873               	movf	IntPortb@rbon,w
  1455  0106  0084               	movwf	4
  1456  0107  0180               	clrf	0
  1457                           
  1458                           ;Funciones.c: 149: TMR1ON = 0;
  1459  0108  1010               	bcf	16,0	;volatile
  1460  0109                     i1l880:	
  1461                           
  1462                           ;Funciones.c: 150: }
  1463                           ;Funciones.c: 152: RBIF = 0;
  1464  0109  100B               	bcf	11,0	;volatile
  1465                           
  1466                           ;Funciones.c: 153: RBIE = 1;
  1467  010A  158B               	bsf	11,3	;volatile
  1468  010B  0008               	return
  1469  010C                     __end_of_IntPortb:	
  1470  007E                     btemp	set	126	;btemp
  1471  007E                     wtemp	set	126
  1472  007E                     wtemp0	set	126
  1473  0080                     wtemp1	set	128
  1474  0082                     wtemp2	set	130
  1475  0084                     wtemp3	set	132
  1476  0086                     wtemp4	set	134
  1477  0088                     wtemp5	set	136
  1478  007F                     wtemp6	set	127
  1479  007E                     ttemp	set	126
  1480  007E                     ttemp0	set	126
  1481  0081                     ttemp1	set	129
  1482  0084                     ttemp2	set	132
  1483  0087                     ttemp3	set	135
  1484  007F                     ttemp4	set	127
  1485  007E                     ltemp	set	126
  1486  007E                     ltemp0	set	126
  1487  0082                     ltemp1	set	130
  1488  0086                     ltemp2	set	134
  1489  0080                     ltemp3	set	128


Data Sizes:
    Strings     0
    Constant    0
    Data        0
    BSS         16
    Persistent  0
    Stack       0

Auto Spaces:
    Space          Size  Autos    Used
    COMMON           14     14      14
    BANK0            80     27      43
    BANK1            80      0       0
    BANK2            80      0       0

Pointer List with Targets:

    IntPortb@t7	PTR unsigned int  size(1) Largest target is 2
		 -> t7(BANK0[2]), 

    IntPortb@t6	PTR unsigned int  size(1) Largest target is 2
		 -> t6(BANK0[2]), 

    IntPortb@t5	PTR unsigned int  size(1) Largest target is 2
		 -> t5(BANK0[2]), 

    IntPortb@t4	PTR unsigned int  size(1) Largest target is 2
		 -> t4(BANK0[2]), 

    IntPortb@rbon	PTR unsigned char  size(1) Largest target is 1
		 -> rbon(BANK0[1]), 

    CalcularDistancia@distancias	PTR unsigned char  size(1) Largest target is 7
		 -> distancias(BANK0[7]), 


Critical Paths under _main in COMMON

    None.

Critical Paths under _Interrupcion in COMMON

    _Interrupcion->_IntPortb

Critical Paths under _main in BANK0

    _main->_CalcularDistancia
    _CalcularDistancia->___lwdiv

Critical Paths under _Interrupcion in BANK0

    None.

Critical Paths under _main in BANK1

    None.

Critical Paths under _Interrupcion in BANK1

    None.

Critical Paths under _main in BANK2

    None.

Critical Paths under _Interrupcion in BANK2

    None.

Call Graph Tables:

 ---------------------------------------------------------------------------------
 (Depth) Function   	        Calls       Base Space   Used Autos Params    Refs
 ---------------------------------------------------------------------------------
 (0) _main                                                 1     1      0    1295
                                             26 BANK0      1     1      0
                  _CalcularDistancia
                   _Inicializaciones
                          _ResetEcho
                            _Trigger
 ---------------------------------------------------------------------------------
 (1) _Trigger                                              2     2      0       0
                                              0 BANK0      2     2      0
 ---------------------------------------------------------------------------------
 (1) _ResetEcho                                            2     2      0       0
                                              0 BANK0      2     2      0
 ---------------------------------------------------------------------------------
 (1) _Inicializaciones                                     0     0      0       0
 ---------------------------------------------------------------------------------
 (1) _CalcularDistancia                                   18     9      9    1295
                                              8 BANK0     18     9      9
                            ___lwdiv
 ---------------------------------------------------------------------------------
 (2) ___lwdiv                                              8     4      4     586
                                              0 BANK0      8     4      4
 ---------------------------------------------------------------------------------
 Estimated maximum stack depth 2
 ---------------------------------------------------------------------------------
 (Depth) Function   	        Calls       Base Space   Used Autos Params    Refs
 ---------------------------------------------------------------------------------
 (3) _Interrupcion                                         8     8      0     679
                                              6 COMMON     8     8      0
                           _IntPortb
 ---------------------------------------------------------------------------------
 (4) _IntPortb                                             6     2      4     679
                                              0 COMMON     6     2      4
 ---------------------------------------------------------------------------------
 Estimated maximum stack depth 4
 ---------------------------------------------------------------------------------

 Call Graph Graphs:

 _main (ROOT)
   _CalcularDistancia
     ___lwdiv
   _Inicializaciones
   _ResetEcho
   _Trigger

 _Interrupcion (ROOT)
   _IntPortb

 Address spaces:
Name               Size   Autos  Total    Cost      Usage
BITCOMMON            E      0       0       0        0.0%
EEDATA             100      0       0       0        0.0%
NULL                 0      0       0       0        0.0%
CODE                 0      0       0       0        0.0%
COMMON               E      E       E       1      100.0%
BITSFR0              0      0       0       1        0.0%
SFR0                 0      0       0       1        0.0%
BITSFR1              0      0       0       2        0.0%
SFR1                 0      0       0       2        0.0%
STACK                0      0       0       2        0.0%
BANK0               50     1B      2B       3       53.8%
BITBANK1            50      0       0       4        0.0%
BITSFR3              0      0       0       4        0.0%
SFR3                 0      0       0       4        0.0%
BANK1               50      0       0       5        0.0%
BITSFR2              0      0       0       5        0.0%
SFR2                 0      0       0       5        0.0%
BITBANK2            50      0       0       6        0.0%
BANK2               50      0       0       7        0.0%
ABS                  0      0      39       8        0.0%
BITBANK0            50      0       0       9        0.0%
DATA                 0      0      39      10        0.0%


Microchip Technology PIC Macro Assembler V1.36 build -262312587 
Symbol Table                                                                                   Mon Apr 18 20:37:59 2016

  __size_of_Inicializaciones 001A                  __CFG_CP$OFF 0000                           l99 01AE  
                         _t4 0042                           _t5 0044                           _t6 0046  
                         _t7 0048                           fsr 0004                          l740 0177  
                        l742 0185                          l752 01A6                          l748 019B  
                        _GIE 005F                          _RB0 0030                          _RB1 0031  
                        _RB2 0032                          _RB3 0033                          _RB4 0034  
                        _RB5 0035                          _RB6 0036                          _RB7 0037  
                        u305 019C                          u265 017A                 __CFG_CPD$OFF 0000  
                        u507 011F                          u285 0186                          u517 012D  
                        u295 0192                          u527 0137                          u537 0145  
                        u547 014F                          u557 015D                          u567 0167  
                        u577 01FA                          u497 0115                          u587 0206  
                        fsr0 0004                          indf 0000                 __CFG_IESO$ON 0000  
               __CFG_LVP$OFF 0000                         _IOCB 0096                         _RBIE 005B  
                       _RBIF 0058                         i1l61 00C1                         i1l63 00CC  
                       i1l65 00D8                         i1l57 00AA                         i1l67 00E3  
                       i1l59 00B5                         i1l69 00F5                         _TMR1 000E  
               __CFG_WRT$OFF 0000                __CFG_FCMEN$ON 0000                         _main 01AB  
                       _rbon 004A                         btemp 007E                __CFG_BOREN$ON 0000  
                       ltemp 007E                   IntPortb@t4 0075                   IntPortb@t5 0070  
                 IntPortb@t6 0071                   IntPortb@t7 0072                         start 0011  
                       ttemp 007E                         wtemp 007E                __CFG_MCLRE$ON 0000  
            __end_of_Trigger 016D                        ?_main 0070                __CFG_WDTE$OFF 0000  
                      _T1CON 0010              __end_of___lwdiv 01AB                        i1l106 01E4  
                      i1l880 0109                        _PORTB 0006                        _TRISB 0086  
                      pclath 000A                        ltemp0 007E                        ltemp1 0082  
                      ltemp2 0086                        ltemp3 0080                        ttemp0 007E  
                      ttemp1 0081                        ttemp2 0084                        ttemp3 0087  
                      ttemp4 007F                        status 0003                        wtemp0 007E  
                      wtemp1 0080                        wtemp2 0082                        wtemp3 0084  
                      wtemp4 0086                        wtemp5 0088                        wtemp6 007F  
            __initialization 0013                 __end_of_main 01CE             __end_of_IntPortb 010C  
                     ??_main 003A                       _ANSELH 0189                       _INTCON 000B  
                     _OSCCON 008F                       _TMR1ON 0080                ?_Interrupcion 0070  
             __CFG_PWRTE$OFF 0000             _Inicializaciones 020C                    ??_Trigger 0020  
                  ??___lwdiv 0024           __size_of_ResetEcho 001B                       saved_w 007E  
               IntPortb@rbon 0073               ??_Interrupcion 0076      __end_of__initialization 0019  
             __pcstackCOMMON 0070                   __pbssBANK0 003B            __end_of_ResetEcho 020C  
                  ?_IntPortb 0070                   __pmaintext 01AB                   __pintentry 0004  
                 _distancias 003B                   ??_IntPortb 0074                      _Trigger 010C  
                    ___lwdiv 016D                      __ptext1 010C                      __ptext2 01F1  
                    __ptext3 020C                      __ptext4 001C                      __ptext5 016D  
                    __ptext6 01CE                      __ptext7 009A         __end_of_Interrupcion 01F1  
   __end_of_Inicializaciones 0226                      clrloop0 0227         end_of_initialization 0019  
          _CalcularDistancia 001C          start_initialization 0013           ?_CalcularDistancia 0028  
        ??_CalcularDistancia 0031                    _ResetEcho 01F1            __size_of_IntPortb 0072  
      __size_of_Interrupcion 0023    __end_of_CalcularDistancia 009A                    ___latbits 0001  
              __pcstackBANK0 0020       __CFG_FOSC$INTRC_CLKOUT 0000                 _Interrupcion 01CE  
                 ?_ResetEcho 0070             ___lwdiv@dividend 0022                     ?_Trigger 0070  
                   ?___lwdiv 0020             ___lwdiv@quotient 0025            ?_Inicializaciones 0070  
CalcularDistancia@distancias 0030           ??_Inicializaciones 0020            interrupt_function 0004  
                  clear_ram0 0226          CalcularDistancia@d0 0032          CalcularDistancia@d1 0034  
        CalcularDistancia@d2 0036          CalcularDistancia@d3 0038          CalcularDistancia@t0 0028  
        CalcularDistancia@t1 002A          CalcularDistancia@t2 002C          CalcularDistancia@t3 002E  
 __size_of_CalcularDistancia 007E                     _IntPortb 009A                  ??_ResetEcho 0020  
           __size_of_Trigger 0061             __size_of___lwdiv 003E              ___lwdiv@divisor 0020  
            ___lwdiv@counter 0027            __CFG_BOR4V$BOR21V 0000                __size_of_main 0023  
                   intlevel1 0000  
