

Microchip Technology PIC LITE Macro Assembler V1.36 build -262312587 
                                                                                               Tue Mar 01 19:29:05 2016

Microchip Technology Omniscient Code Generator v1.36 (Free mode) build 201601150325
     1                           	processor	16F883
     2                           	opt	pw 120
     3                           	opt	lm
     4                           	psect	cinit,global,class=CODE,merge=1,delta=2
     5                           	psect	bssCOMMON,global,class=COMMON,space=1,delta=1
     6                           	psect	cstackCOMMON,global,class=COMMON,space=1,delta=1
     7                           	psect	cstackBANK0,global,class=BANK0,space=1,delta=1
     8                           	psect	maintext,global,class=CODE,split=1,delta=2
     9                           	psect	text1,local,class=CODE,merge=1,delta=2
    10                           	psect	text2,local,class=CODE,merge=1,delta=2
    11                           	psect	intentry,global,class=CODE,delta=2
    12                           	psect	text3,local,class=CODE,merge=1,delta=2
    13                           	dabs	1,0x7E,2
    14  0000                     	;# 
    15  0001                     	;# 
    16  0002                     	;# 
    17  0003                     	;# 
    18  0004                     	;# 
    19  0005                     	;# 
    20  0006                     	;# 
    21  0007                     	;# 
    22  0009                     	;# 
    23  000A                     	;# 
    24  000B                     	;# 
    25  000C                     	;# 
    26  000D                     	;# 
    27  000E                     	;# 
    28  000E                     	;# 
    29  000F                     	;# 
    30  0010                     	;# 
    31  0011                     	;# 
    32  0012                     	;# 
    33  0013                     	;# 
    34  0014                     	;# 
    35  0015                     	;# 
    36  0015                     	;# 
    37  0016                     	;# 
    38  0017                     	;# 
    39  0018                     	;# 
    40  0019                     	;# 
    41  001A                     	;# 
    42  001B                     	;# 
    43  001B                     	;# 
    44  001C                     	;# 
    45  001D                     	;# 
    46  001E                     	;# 
    47  001F                     	;# 
    48  0081                     	;# 
    49  0085                     	;# 
    50  0086                     	;# 
    51  0087                     	;# 
    52  0089                     	;# 
    53  008C                     	;# 
    54  008D                     	;# 
    55  008E                     	;# 
    56  008F                     	;# 
    57  0090                     	;# 
    58  0091                     	;# 
    59  0092                     	;# 
    60  0093                     	;# 
    61  0093                     	;# 
    62  0093                     	;# 
    63  0094                     	;# 
    64  0095                     	;# 
    65  0096                     	;# 
    66  0097                     	;# 
    67  0098                     	;# 
    68  0099                     	;# 
    69  009A                     	;# 
    70  009B                     	;# 
    71  009C                     	;# 
    72  009D                     	;# 
    73  009E                     	;# 
    74  009F                     	;# 
    75  0105                     	;# 
    76  0107                     	;# 
    77  0108                     	;# 
    78  0109                     	;# 
    79  010C                     	;# 
    80  010C                     	;# 
    81  010D                     	;# 
    82  010E                     	;# 
    83  010F                     	;# 
    84  0185                     	;# 
    85  0187                     	;# 
    86  0188                     	;# 
    87  0189                     	;# 
    88  018C                     	;# 
    89  018D                     	;# 
    90  000E                     _TMR1	set	14
    91  000B                     _INTCON	set	11
    92  000C                     _PIR1	set	12
    93  0005                     _PORTA	set	5
    94  0006                     _PORTB	set	6
    95  0010                     _T1CON	set	16
    96  005F                     _GIE	set	95
    97  0028                     _RA0	set	40
    98  0029                     _RA1	set	41
    99  002A                     _RA2	set	42
   100  002B                     _RA3	set	43
   101  0030                     _RB0	set	48
   102  0034                     _RB4	set	52
   103  005B                     _RBIE	set	91
   104  0058                     _RBIF	set	88
   105  0080                     _TMR1ON	set	128
   106  0096                     _IOCB	set	150
   107  008F                     _OSCCON	set	143
   108  008C                     _PIE1	set	140
   109  0085                     _TRISA	set	133
   110  0086                     _TRISB	set	134
   111  0188                     _ANSEL	set	392
   112  0189                     _ANSELH	set	393
   113                           
   114                           ; #config settings
   115  0000                     
   116                           	psect	cinit
   117  0013                     start_initialization:	
   118  0013                     __initialization:	
   119                           
   120                           ; Clear objects allocated to COMMON
   121  0013  01FC               	clrf	__pbssCOMMON& (0+127)
   122  0014  01FD               	clrf	(__pbssCOMMON+1)& (0+127)
   123  0015                     end_of_initialization:	
   124                           ;End of C runtime variable initialization code
   125                           
   126  0015                     __end_of__initialization:	
   127  0015  0183               	clrf	3
   128  0016  118A  2818         	ljmp	_main	;jump to C main() function
   129                           
   130                           	psect	bssCOMMON
   131  007C                     __pbssCOMMON:	
   132  007C                     _dist:	
   133  007C                     	ds	2
   134                           
   135                           	psect	cstackCOMMON
   136  0070                     __pcstackCOMMON:	
   137  0070                     ?_Inicializaciones:	
   138  0070                     ?_main:	
   139                           ; 1 bytes @ 0x0
   140                           
   141  0070                     ?_echo:	
   142                           ; 1 bytes @ 0x0
   143                           
   144  0070                     ?___lwdiv:	
   145                           ; 1 bytes @ 0x0
   146                           
   147  0070                     ___lwdiv@divisor:	
   148                           ; 2 bytes @ 0x0
   149                           
   150                           
   151                           ; 2 bytes @ 0x0
   152  0070                     	ds	2
   153  0072                     ___lwdiv@dividend:	
   154                           
   155                           ; 2 bytes @ 0x2
   156  0072                     	ds	2
   157  0074                     ??___lwdiv:	
   158                           
   159                           ; 1 bytes @ 0x4
   160  0074                     	ds	1
   161  0075                     ___lwdiv@quotient:	
   162                           
   163                           ; 2 bytes @ 0x5
   164  0075                     	ds	2
   165  0077                     ___lwdiv@counter:	
   166                           
   167                           ; 1 bytes @ 0x7
   168  0077                     	ds	1
   169  0078                     ??_echo:	
   170                           
   171                           ; 1 bytes @ 0x8
   172  0078                     	ds	4
   173                           
   174                           	psect	cstackBANK0
   175  0020                     __pcstackBANK0:	
   176  0020                     ??_Inicializaciones:	
   177  0020                     ??_main:	
   178                           ; 1 bytes @ 0x0
   179                           
   180                           
   181                           ; 1 bytes @ 0x0
   182  0020                     	ds	2
   183                           
   184                           	psect	maintext
   185  0018                     __pmaintext:	
   186 ;;
   187 ;;Main: autosize = 0, tempsize = 2, incstack = 0, save=0
   188 ;;
   189 ;; *************** function _main *****************
   190 ;; Defined at:
   191 ;;		line 35 in file "main.c"
   192 ;; Parameters:    Size  Location     Type
   193 ;;		None
   194 ;; Auto vars:     Size  Location     Type
   195 ;;		None
   196 ;; Return value:  Size  Location     Type
   197 ;;                  1    wreg      void 
   198 ;; Registers used:
   199 ;;		wreg, status,2, status,0, btemp+1, pclath, cstack
   200 ;; Tracked objects:
   201 ;;		On entry : B00/0
   202 ;;		On exit  : 0/0
   203 ;;		Unchanged: 0/0
   204 ;; Data sizes:     COMMON   BANK0   BANK1   BANK2
   205 ;;      Params:         0       0       0       0
   206 ;;      Locals:         0       0       0       0
   207 ;;      Temps:          0       2       0       0
   208 ;;      Totals:         0       2       0       0
   209 ;;Total ram usage:        2 bytes
   210 ;; Hardware stack levels required when called:    3
   211 ;; This function calls:
   212 ;;		_Inicializaciones
   213 ;; This function is called by:
   214 ;;		Startup code after reset
   215 ;; This function uses a non-reentrant model
   216 ;;
   217                           
   218                           
   219                           ;psect for function _main
   220  0018                     _main:	
   221                           
   222                           ;main.c: 36: Inicializaciones();
   223                           
   224                           ;incstack = 0
   225                           ; Regs used in _main: [wreg+status,2+status,0+btemp+1+pclath+cstack]
   226  0018  118A  20CB  118A   	fcall	_Inicializaciones
   227  001B                     l653:	
   228                           ;main.c: 37: while(1)
   229                           
   230                           
   231                           ;main.c: 38: {
   232                           ;main.c: 39: RB0 = 1;
   233  001B  1283               	bcf	3,5	;RP0=0, select bank0
   234  001C  1303               	bcf	3,6	;RP1=0, select bank0
   235  001D  1406               	bsf	6,0	;volatile
   236                           
   237                           ;main.c: 40: _delay((unsigned long)((10)*(8000000/4000000.0)));
   238  001E  3006               	movlw	6
   239  001F  00A0               	movwf	??_main
   240  0020                     u277:	
   241  0020  0BA0               	decfsz	??_main,f
   242  0021  2820               	goto	u277
   243  0022  0000               	nop
   244                           
   245                           ;main.c: 41: RB0 = 0;
   246  0023  1283               	bcf	3,5	;RP0=0, select bank0
   247  0024  1303               	bcf	3,6	;RP1=0, select bank0
   248  0025  1006               	bcf	6,0	;volatile
   249                           
   250                           ;main.c: 42: _delay((unsigned long)((60)*(8000000/4000.0)));
   251  0026  309C               	movlw	156
   252  0027  00A1               	movwf	??_main+1
   253  0028  30D7               	movlw	215
   254  0029  00A0               	movwf	??_main
   255  002A                     u287:	
   256  002A  0BA0               	decfsz	??_main,f
   257  002B  282A               	goto	u287
   258  002C  0BA1               	decfsz	??_main+1,f
   259  002D  282A               	goto	u287
   260                           
   261                           ;main.c: 43: if(dist <= 400)
   262  002E  087D               	movf	_dist+1,w
   263  002F  3A80               	xorlw	128
   264  0030  00FF               	movwf	127
   265  0031  3081               	movlw	129
   266  0032  027F               	subwf	127,w
   267  0033  1D03               	skipz
   268  0034  2837               	goto	u215
   269  0035  3091               	movlw	145
   270  0036  027C               	subwf	_dist,w
   271  0037                     u215:	
   272  0037  1803               	skipnc
   273  0038  281B               	goto	l653
   274                           
   275                           ;main.c: 44: {
   276                           ;main.c: 45: RA0 = 1;
   277  0039  1283               	bcf	3,5	;RP0=0, select bank0
   278  003A  1303               	bcf	3,6	;RP1=0, select bank0
   279  003B  1405               	bsf	5,0	;volatile
   280                           
   281                           ;main.c: 46: if(dist <= 300)
   282  003C  087D               	movf	_dist+1,w
   283  003D  3A80               	xorlw	128
   284  003E  00FF               	movwf	127
   285  003F  3081               	movlw	129
   286  0040  027F               	subwf	127,w
   287  0041  1D03               	skipz
   288  0042  2845               	goto	u225
   289  0043  302D               	movlw	45
   290  0044  027C               	subwf	_dist,w
   291  0045                     u225:	
   292  0045  1803               	skipnc
   293  0046  281B               	goto	l653
   294                           
   295                           ;main.c: 47: {
   296                           ;main.c: 48: RA1 = 1;
   297  0047  1283               	bcf	3,5	;RP0=0, select bank0
   298  0048  1303               	bcf	3,6	;RP1=0, select bank0
   299  0049  1485               	bsf	5,1	;volatile
   300                           
   301                           ;main.c: 49: if(dist <= 200)
   302  004A  087D               	movf	_dist+1,w
   303  004B  3A80               	xorlw	128
   304  004C  00FF               	movwf	127
   305  004D  3080               	movlw	128
   306  004E  027F               	subwf	127,w
   307  004F  1D03               	skipz
   308  0050  2853               	goto	u235
   309  0051  30C9               	movlw	201
   310  0052  027C               	subwf	_dist,w
   311  0053                     u235:	
   312  0053  1803               	skipnc
   313  0054  281B               	goto	l653
   314                           
   315                           ;main.c: 50: {
   316                           ;main.c: 51: RA2 = 1;
   317  0055  1283               	bcf	3,5	;RP0=0, select bank0
   318  0056  1303               	bcf	3,6	;RP1=0, select bank0
   319  0057  1505               	bsf	5,2	;volatile
   320                           
   321                           ;main.c: 52: if(dist <= 100)
   322  0058  087D               	movf	_dist+1,w
   323  0059  3A80               	xorlw	128
   324  005A  00FF               	movwf	127
   325  005B  3080               	movlw	128
   326  005C  027F               	subwf	127,w
   327  005D  1D03               	skipz
   328  005E  2861               	goto	u245
   329  005F  3065               	movlw	101
   330  0060  027C               	subwf	_dist,w
   331  0061                     u245:	
   332  0061  1803               	skipnc
   333  0062  281B               	goto	l653
   334                           
   335                           ;main.c: 53: {
   336                           ;main.c: 54: RA3 = 1;
   337  0063  1283               	bcf	3,5	;RP0=0, select bank0
   338  0064  1303               	bcf	3,6	;RP1=0, select bank0
   339  0065  1585               	bsf	5,3	;volatile
   340  0066  281B               	goto	l653
   341  0067                     __end_of_main:	
   342                           ;main.c: 55: }
   343                           ;main.c: 56: }
   344                           ;main.c: 57: }
   345                           ;main.c: 58: }
   346                           ;main.c: 59: }
   347                           ;main.c: 60: return;
   348                           
   349                           
   350                           	psect	text1
   351  00CB                     __ptext1:	
   352 ;; *************** function _Inicializaciones *****************
   353 ;; Defined at:
   354 ;;		line 64 in file "main.c"
   355 ;; Parameters:    Size  Location     Type
   356 ;;		None
   357 ;; Auto vars:     Size  Location     Type
   358 ;;		None
   359 ;; Return value:  Size  Location     Type
   360 ;;                  1    wreg      void 
   361 ;; Registers used:
   362 ;;		wreg, status,2
   363 ;; Tracked objects:
   364 ;;		On entry : 0/0
   365 ;;		On exit  : 0/0
   366 ;;		Unchanged: 0/0
   367 ;; Data sizes:     COMMON   BANK0   BANK1   BANK2
   368 ;;      Params:         0       0       0       0
   369 ;;      Locals:         0       0       0       0
   370 ;;      Temps:          0       0       0       0
   371 ;;      Totals:         0       0       0       0
   372 ;;Total ram usage:        0 bytes
   373 ;; Hardware stack levels used:    1
   374 ;; Hardware stack levels required when called:    2
   375 ;; This function calls:
   376 ;;		Nothing
   377 ;; This function is called by:
   378 ;;		_main
   379 ;; This function uses a non-reentrant model
   380 ;;
   381                           
   382                           
   383                           ;psect for function _Inicializaciones
   384  00CB                     _Inicializaciones:	
   385                           
   386                           ;main.c: 65: OSCCON = 0b01110101;
   387                           
   388                           ;incstack = 0
   389                           ; Regs used in _Inicializaciones: [wreg+status,2]
   390  00CB  3075               	movlw	117
   391  00CC  1683               	bsf	3,5	;RP0=1, select bank1
   392  00CD  1303               	bcf	3,6	;RP1=0, select bank1
   393  00CE  008F               	movwf	15	;volatile
   394                           
   395                           ;main.c: 68: TRISA = 0b11110000;
   396  00CF  30F0               	movlw	240
   397  00D0  0085               	movwf	5	;volatile
   398                           
   399                           ;main.c: 69: PORTA = 0b00000000;
   400  00D1  1283               	bcf	3,5	;RP0=0, select bank0
   401  00D2  1303               	bcf	3,6	;RP1=0, select bank0
   402  00D3  0185               	clrf	5	;volatile
   403                           
   404                           ;main.c: 70: ANSEL = 0b00000000;
   405  00D4  1683               	bsf	3,5	;RP0=1, select bank3
   406  00D5  1703               	bsf	3,6	;RP1=1, select bank3
   407  00D6  0188               	clrf	8	;volatile
   408                           
   409                           ;main.c: 73: TRISB = 0b11110000;
   410  00D7  30F0               	movlw	240
   411  00D8  1683               	bsf	3,5	;RP0=1, select bank1
   412  00D9  1303               	bcf	3,6	;RP1=0, select bank1
   413  00DA  0086               	movwf	6	;volatile
   414                           
   415                           ;main.c: 74: PORTB = 0b00000000;
   416  00DB  1283               	bcf	3,5	;RP0=0, select bank0
   417  00DC  1303               	bcf	3,6	;RP1=0, select bank0
   418  00DD  0186               	clrf	6	;volatile
   419                           
   420                           ;main.c: 75: ANSELH = 0b00000000;
   421  00DE  1683               	bsf	3,5	;RP0=1, select bank3
   422  00DF  1703               	bsf	3,6	;RP1=1, select bank3
   423  00E0  0189               	clrf	9	;volatile
   424                           
   425                           ;main.c: 80: T1CON = 0b00010000;
   426  00E1  3010               	movlw	16
   427  00E2  1283               	bcf	3,5	;RP0=0, select bank0
   428  00E3  1303               	bcf	3,6	;RP1=0, select bank0
   429  00E4  0090               	movwf	16	;volatile
   430                           
   431                           ;main.c: 83: INTCON = 0b00001000;
   432  00E5  3008               	movlw	8
   433  00E6  008B               	movwf	11	;volatile
   434                           
   435                           ;main.c: 84: IOCB = 0b11110000;
   436  00E7  30F0               	movlw	240
   437  00E8  1683               	bsf	3,5	;RP0=1, select bank1
   438  00E9  1303               	bcf	3,6	;RP1=0, select bank1
   439  00EA  0096               	movwf	22	;volatile
   440                           
   441                           ;main.c: 85: PIE1 = 0b00000001;
   442  00EB  3001               	movlw	1
   443  00EC  008C               	movwf	12	;volatile
   444                           
   445                           ;main.c: 86: PIR1 = 0b00000000;
   446  00ED  1283               	bcf	3,5	;RP0=0, select bank0
   447  00EE  1303               	bcf	3,6	;RP1=0, select bank0
   448  00EF  018C               	clrf	12	;volatile
   449                           
   450                           ;main.c: 87: GIE = 1;
   451  00F0  178B               	bsf	11,7	;volatile
   452  00F1  0008               	return
   453  00F2                     __end_of_Inicializaciones:	
   454                           
   455                           	psect	text2
   456  00A3                     __ptext2:	
   457 ;; *************** function _echo *****************
   458 ;; Defined at:
   459 ;;		line 90 in file "main.c"
   460 ;; Parameters:    Size  Location     Type
   461 ;;		None
   462 ;; Auto vars:     Size  Location     Type
   463 ;;		None
   464 ;; Return value:  Size  Location     Type
   465 ;;                  1    wreg      void 
   466 ;; Registers used:
   467 ;;		wreg, status,2, status,0, pclath, cstack
   468 ;; Tracked objects:
   469 ;;		On entry : 0/0
   470 ;;		On exit  : 0/0
   471 ;;		Unchanged: 0/0
   472 ;; Data sizes:     COMMON   BANK0   BANK1   BANK2
   473 ;;      Params:         0       0       0       0
   474 ;;      Locals:         0       0       0       0
   475 ;;      Temps:          4       0       0       0
   476 ;;      Totals:         4       0       0       0
   477 ;;Total ram usage:        4 bytes
   478 ;; Hardware stack levels used:    1
   479 ;; Hardware stack levels required when called:    1
   480 ;; This function calls:
   481 ;;		___lwdiv
   482 ;; This function is called by:
   483 ;;		Interrupt level 1
   484 ;; This function uses a non-reentrant model
   485 ;;
   486                           
   487                           
   488                           ;psect for function _echo
   489  00A3                     _echo:	
   490                           
   491                           ;main.c: 92: if(RBIF == 1)
   492  00A3  1C0B               	btfss	11,0	;volatile
   493  00A4  28BE               	goto	i1l71
   494                           
   495                           ;main.c: 93: {
   496                           ;main.c: 94: RBIE = 0;
   497  00A5  118B               	bcf	11,3	;volatile
   498                           
   499                           ;main.c: 95: if(RB4 == 1)
   500  00A6  1E06               	btfss	6,4	;volatile
   501  00A7  28AC               	goto	i1l69
   502                           
   503                           ;main.c: 96: {
   504                           ;main.c: 97: TMR1 = 0;
   505  00A8  018E               	clrf	14	;volatile
   506  00A9  018F               	clrf	15	;volatile
   507                           
   508                           ;main.c: 98: TMR1ON = 1;
   509  00AA  1410               	bsf	16,0	;volatile
   510                           
   511                           ;main.c: 99: }
   512  00AB  28BC               	goto	i1l687
   513  00AC                     i1l69:	
   514                           
   515                           ;main.c: 100: else
   516                           ;main.c: 101: {
   517                           ;main.c: 102: TMR1ON = 0;
   518  00AC  1010               	bcf	16,0	;volatile
   519                           
   520                           ;main.c: 106: dist = TMR1/58;
   521  00AD  303A               	movlw	58
   522  00AE  00F0               	movwf	___lwdiv@divisor
   523  00AF  3000               	movlw	0
   524  00B0  00F1               	movwf	___lwdiv@divisor+1
   525  00B1  080F               	movf	15,w	;volatile
   526  00B2  00F3               	movwf	___lwdiv@dividend+1
   527  00B3  080E               	movf	14,w	;volatile
   528  00B4  00F2               	movwf	___lwdiv@dividend
   529  00B5  118A  2067  118A   	fcall	___lwdiv
   530  00B8  0871               	movf	?___lwdiv+1,w
   531  00B9  00FD               	movwf	_dist+1
   532  00BA  0870               	movf	?___lwdiv,w
   533  00BB  00FC               	movwf	_dist
   534  00BC                     i1l687:	
   535                           
   536                           ;main.c: 107: }
   537                           ;main.c: 108: RBIF = 0;
   538  00BC  100B               	bcf	11,0	;volatile
   539                           
   540                           ;main.c: 109: RBIE = 1;
   541  00BD  158B               	bsf	11,3	;volatile
   542  00BE                     i1l71:	
   543  00BE  087B               	movf	??_echo+3,w
   544  00BF  1283               	bcf	3,5	;RP0=0, select bank0
   545  00C0  1303               	bcf	3,6	;RP1=0, select bank0
   546  00C1  00FF               	movwf	127
   547  00C2  087A               	movf	??_echo+2,w
   548  00C3  008A               	movwf	10
   549  00C4  0879               	movf	??_echo+1,w
   550  00C5  0084               	movwf	4
   551  00C6  0E78               	swapf	??_echo^(0+-128),w
   552  00C7  0083               	movwf	3
   553  00C8  0EFE               	swapf	126,f
   554  00C9  0E7E               	swapf	126,w
   555  00CA  0009               	retfie
   556  00CB                     __end_of_echo:	
   557                           
   558                           	psect	intentry
   559  0004                     __pintentry:	
   560                           ;incstack = 0
   561                           ; Regs used in _echo: [wreg+status,2+status,0+pclath+cstack]
   562                           
   563  0004                     interrupt_function:	
   564  007E                     saved_w	set	btemp
   565  0004  00FE               	movwf	btemp
   566  0005  0E03               	swapf	3,w
   567  0006  00F8               	movwf	??_echo
   568  0007  0804               	movf	4,w
   569  0008  00F9               	movwf	??_echo+1
   570  0009  080A               	movf	10,w
   571  000A  00FA               	movwf	??_echo+2
   572  000B  1283               	bcf	3,5	;RP0=0, select bank0
   573  000C  1303               	bcf	3,6	;RP1=0, select bank0
   574  000D  087F               	movf	btemp+1,w
   575  000E  00FB               	movwf	??_echo+3
   576  000F  118A  28A3         	ljmp	_echo
   577                           
   578                           	psect	text3
   579  0067                     __ptext3:	
   580 ;; *************** function ___lwdiv *****************
   581 ;; Defined at:
   582 ;;		line 6 in file "C:\Program Files (x86)\Microchip\xc8\v1.36\sources\common\lwdiv.c"
   583 ;; Parameters:    Size  Location     Type
   584 ;;  divisor         2    0[COMMON] unsigned int 
   585 ;;  dividend        2    2[COMMON] unsigned int 
   586 ;; Auto vars:     Size  Location     Type
   587 ;;  quotient        2    5[COMMON] unsigned int 
   588 ;;  counter         1    7[COMMON] unsigned char 
   589 ;; Return value:  Size  Location     Type
   590 ;;                  2    0[COMMON] unsigned int 
   591 ;; Registers used:
   592 ;;		wreg, status,2, status,0
   593 ;; Tracked objects:
   594 ;;		On entry : 0/0
   595 ;;		On exit  : 0/0
   596 ;;		Unchanged: 0/0
   597 ;; Data sizes:     COMMON   BANK0   BANK1   BANK2
   598 ;;      Params:         4       0       0       0
   599 ;;      Locals:         3       0       0       0
   600 ;;      Temps:          1       0       0       0
   601 ;;      Totals:         8       0       0       0
   602 ;;Total ram usage:        8 bytes
   603 ;; Hardware stack levels used:    1
   604 ;; This function calls:
   605 ;;		Nothing
   606 ;; This function is called by:
   607 ;;		_echo
   608 ;; This function uses a non-reentrant model
   609 ;;
   610                           
   611                           
   612                           ;psect for function ___lwdiv
   613  0067                     ___lwdiv:	
   614                           
   615                           ;incstack = 0
   616                           ; Regs used in ___lwdiv: [wreg+status,2+status,0]
   617  0067  01F5               	clrf	___lwdiv@quotient
   618  0068  01F6               	clrf	___lwdiv@quotient+1
   619  0069  0870               	movf	___lwdiv@divisor,w
   620  006A  0471               	iorwf	___lwdiv@divisor+1,w
   621  006B  1903               	btfsc	3,2
   622  006C  289E               	goto	i1l647
   623  006D  01F7               	clrf	___lwdiv@counter
   624  006E  0AF7               	incf	___lwdiv@counter,f
   625  006F                     i1l635:	
   626  006F  1BF1               	btfsc	___lwdiv@divisor+1,7
   627  0070  287D               	goto	i1l637
   628  0071  3001               	movlw	1
   629  0072                     u15_25:	
   630  0072  1003               	clrc
   631  0073  0DF0               	rlf	___lwdiv@divisor,f
   632  0074  0DF1               	rlf	___lwdiv@divisor+1,f
   633  0075  3EFF               	addlw	-1
   634  0076  1D03               	skipz
   635  0077  2872               	goto	u15_25
   636  0078  3001               	movlw	1
   637  0079  00F4               	movwf	??___lwdiv
   638  007A  0874               	movf	??___lwdiv,w
   639  007B  07F7               	addwf	___lwdiv@counter,f
   640  007C  286F               	goto	i1l635
   641  007D                     i1l637:	
   642  007D  3001               	movlw	1
   643  007E                     u17_25:	
   644  007E  1003               	clrc
   645  007F  0DF5               	rlf	___lwdiv@quotient,f
   646  0080  0DF6               	rlf	___lwdiv@quotient+1,f
   647  0081  3EFF               	addlw	-1
   648  0082  1D03               	skipz
   649  0083  287E               	goto	u17_25
   650  0084  0871               	movf	___lwdiv@divisor+1,w
   651  0085  0273               	subwf	___lwdiv@dividend+1,w
   652  0086  1D03               	skipz
   653  0087  288A               	goto	u18_25
   654  0088  0870               	movf	___lwdiv@divisor,w
   655  0089  0272               	subwf	___lwdiv@dividend,w
   656  008A                     u18_25:	
   657  008A  1C03               	skipc
   658  008B  2893               	goto	i1l643
   659  008C  0870               	movf	___lwdiv@divisor,w
   660  008D  02F2               	subwf	___lwdiv@dividend,f
   661  008E  0871               	movf	___lwdiv@divisor+1,w
   662  008F  1C03               	skipc
   663  0090  03F3               	decf	___lwdiv@dividend+1,f
   664  0091  02F3               	subwf	___lwdiv@dividend+1,f
   665  0092  1475               	bsf	___lwdiv@quotient,0
   666  0093                     i1l643:	
   667  0093  3001               	movlw	1
   668  0094                     u19_25:	
   669  0094  1003               	clrc
   670  0095  0CF1               	rrf	___lwdiv@divisor+1,f
   671  0096  0CF0               	rrf	___lwdiv@divisor,f
   672  0097  3EFF               	addlw	-1
   673  0098  1D03               	skipz
   674  0099  2894               	goto	u19_25
   675  009A  3001               	movlw	1
   676  009B  02F7               	subwf	___lwdiv@counter,f
   677  009C  1D03               	btfss	3,2
   678  009D  287D               	goto	i1l637
   679  009E                     i1l647:	
   680  009E  0876               	movf	___lwdiv@quotient+1,w
   681  009F  00F1               	movwf	?___lwdiv+1
   682  00A0  0875               	movf	___lwdiv@quotient,w
   683  00A1  00F0               	movwf	?___lwdiv
   684  00A2  0008               	return
   685  00A3                     __end_of___lwdiv:	
   686  007E                     btemp	set	126	;btemp
   687  007E                     wtemp	set	126
   688  007E                     wtemp0	set	126
   689  0080                     wtemp1	set	128
   690  0082                     wtemp2	set	130
   691  0084                     wtemp3	set	132
   692  0086                     wtemp4	set	134
   693  0088                     wtemp5	set	136
   694  007F                     wtemp6	set	127
   695  007E                     ttemp	set	126
   696  007E                     ttemp0	set	126
   697  0081                     ttemp1	set	129
   698  0084                     ttemp2	set	132
   699  0087                     ttemp3	set	135
   700  007F                     ttemp4	set	127
   701  007E                     ltemp	set	126
   702  007E                     ltemp0	set	126
   703  0082                     ltemp1	set	130
   704  0086                     ltemp2	set	134
   705  0080                     ltemp3	set	128


Data Sizes:
    Strings     0
    Constant    0
    Data        0
    BSS         2
    Persistent  0
    Stack       0

Auto Spaces:
    Space          Size  Autos    Used
    COMMON           14     12      14
    BANK0            80      2       2
    BANK1            80      0       0
    BANK2            80      0       0

Pointer List with Targets:

    None.

Critical Paths under _main in COMMON

    None.

Critical Paths under _echo in COMMON

    _echo->___lwdiv

Critical Paths under _main in BANK0

    None.

Critical Paths under _echo in BANK0

    None.

Critical Paths under _main in BANK1

    None.

Critical Paths under _echo in BANK1

    None.

Critical Paths under _main in BANK2

    None.

Critical Paths under _echo in BANK2

    None.

Call Graph Tables:

 ---------------------------------------------------------------------------------
 (Depth) Function   	        Calls       Base Space   Used Autos Params    Refs
 ---------------------------------------------------------------------------------
 (0) _main                                                 2     2      0       0
                                              0 BANK0      2     2      0
                   _Inicializaciones
 ---------------------------------------------------------------------------------
 (1) _Inicializaciones                                     0     0      0       0
 ---------------------------------------------------------------------------------
 Estimated maximum stack depth 1
 ---------------------------------------------------------------------------------
 (Depth) Function   	        Calls       Base Space   Used Autos Params    Refs
 ---------------------------------------------------------------------------------
 (2) _echo                                                 4     4      0     268
                                              8 COMMON     4     4      0
                            ___lwdiv
 ---------------------------------------------------------------------------------
 (3) ___lwdiv                                              8     4      4     268
                                              0 COMMON     8     4      4
 ---------------------------------------------------------------------------------
 Estimated maximum stack depth 3
 ---------------------------------------------------------------------------------

 Call Graph Graphs:

 _main (ROOT)
   _Inicializaciones

 _echo (ROOT)
   ___lwdiv

 Address spaces:
Name               Size   Autos  Total    Cost      Usage
BITCOMMON            E      0       0       0        0.0%
EEDATA             100      0       0       0        0.0%
NULL                 0      0       0       0        0.0%
CODE                 0      0       0       0        0.0%
COMMON               E      C       E       1      100.0%
BITSFR0              0      0       0       1        0.0%
SFR0                 0      0       0       1        0.0%
BITSFR1              0      0       0       2        0.0%
SFR1                 0      0       0       2        0.0%
STACK                0      0       0       2        0.0%
BANK0               50      2       2       3        2.5%
BITBANK1            50      0       0       4        0.0%
BITSFR3              0      0       0       4        0.0%
SFR3                 0      0       0       4        0.0%
BANK1               50      0       0       5        0.0%
BITSFR2              0      0       0       5        0.0%
SFR2                 0      0       0       5        0.0%
BITBANK2            50      0       0       6        0.0%
BANK2               50      0       0       7        0.0%
ABS                  0      0      10       8        0.0%
BITBANK0            50      0       0       9        0.0%
DATA                 0      0      10      10        0.0%


Microchip Technology PIC Macro Assembler V1.36 build -262312587 
Symbol Table                                                                                   Tue Mar 01 19:29:05 2016

__size_of_Inicializaciones 0027                __CFG_CP$OFF 0000                        l653 001B  
                      _GIE 005F                        _RA0 0028                        _RA1 0029  
                      _RB0 0030                        _RA2 002A                        _RA3 002B  
                      _RB4 0034                        u215 0037                        u225 0045  
                      u235 0053                        u245 0061               __CFG_CPD$OFF 0000  
                      u277 0020                        u287 002A                        fsr0 0004  
             __CFG_IESO$ON 0000               __CFG_LVP$OFF 0000                       _IOCB 0096  
                     _PIE1 008C                       _RBIE 005B                       _RBIF 0058  
                     i1l71 00BE                       _PIR1 000C                       i1l69 00AC  
                     _TMR1 000E               __CFG_WRT$OFF 0000              __CFG_FCMEN$ON 0000  
                     _echo 00A3                       _dist 007C                       _main 0018  
                     btemp 007E              __CFG_BOREN$ON 0000                       ltemp 007E  
                     start 0011                       ttemp 007E                       wtemp 007E  
            __CFG_MCLRE$ON 0000                      ?_echo 0070                      ?_main 0070  
            __CFG_WDTE$OFF 0000                      _ANSEL 0188                      _T1CON 0010  
          __end_of___lwdiv 00A3                      i1l643 0093                      i1l635 006F  
                    i1l637 007D                      i1l647 009E                      i1l687 00BC  
                    u15_25 0072                      u17_25 007E                      u18_25 008A  
                    _PORTA 0005                      _PORTB 0006                      u19_25 0094  
                    _TRISA 0085                      _TRISB 0086                      pclath 000A  
                    ltemp0 007E                      ltemp1 0082                      ltemp2 0086  
                    ltemp3 0080                      ttemp0 007E                      ttemp1 0081  
                    ttemp2 0084                      ttemp3 0087                      ttemp4 007F  
                    status 0003                      wtemp0 007E                      wtemp1 0080  
                    wtemp2 0082                      wtemp3 0084                      wtemp4 0086  
                    wtemp5 0088                      wtemp6 007F            __initialization 0013  
             __end_of_echo 00CB               __end_of_main 0067                     ??_echo 0078  
                   ??_main 0020                     _ANSELH 0189                     _INTCON 000B  
                   _OSCCON 008F                     _TMR1ON 0080             __CFG_PWRTE$OFF 0000  
         _Inicializaciones 00CB                  ??___lwdiv 0074                     saved_w 007E  
  __end_of__initialization 0015             __pcstackCOMMON 0070                 __pmaintext 0018  
               __pintentry 0004                    ___lwdiv 0067                    __ptext1 00CB  
                  __ptext2 00A3                    __ptext3 0067   __end_of_Inicializaciones 00F2  
     end_of_initialization 0015        start_initialization 0013                __pbssCOMMON 007C  
                ___latbits 0001              __pcstackBANK0 0020     __CFG_FOSC$INTRC_CLKOUT 0000  
         ___lwdiv@dividend 0072                   ?___lwdiv 0070           ___lwdiv@quotient 0075  
        ?_Inicializaciones 0070         ??_Inicializaciones 0020          interrupt_function 0004  
         __size_of___lwdiv 003C            ___lwdiv@divisor 0070            ___lwdiv@counter 0077  
        __CFG_BOR4V$BOR21V 0000              __size_of_echo 0028              __size_of_main 004F  
                 intlevel1 0000  
